### SNID output file ###
 
### input spectrum and options ###
# Input spectrum                 : SN2020lao_tellcorr.txt
# Parameter file                 : NA
# Wavelength range               :    3634.85   8500.00
# Mask file                      : NA
# Median filtering width [A]     : NA
# Median filtering width [pix]   :       1.00
# Clip emission redshift         : NA
# Clip sky lines                 : 0
# Emission clip width [A]        : NA
# Keep A-band                    : 1
# Age range                      :     -90.00   1000.00
# Delta range                    :      -9.99     99.90
# Min. number of spectra/template:   1
# Use only templates             : NA
# Use only types                 : NA
# Avoid templates                : NA
# Avoid types                    : II,Ia,Ib,Ic-norm
# rlapmin                        :       5.00
# Redshift range                 :    -0.0100    1.2000
# Forced initial redshift        :     0.0311
# Extra fake redshift            : NA
# Nsigma for initial redshift    : NA
# Redshift filter                :     0.0200
# Wavenumbers k1,k2,k3,k4        :     1    4   85  102
# Template directory             : /Users/m1/snid-5.0/templates-2.0/
 
### initial/user-input redshift ###
zinit       0.0000
zuser       0.0311
 
### median redshift/age and error ###
zmed        0.0385    0.0023
agem         17.70      5.87
 
### type fraction/redshift/age ###
#type ntemp fraction slope redshift redshift_error age age_error
Ia              0      0.00    0.0000    0.0000    0.0000     0.000     0.000
Ia-norm         0      0.00    0.0000    0.0000    0.0000     0.000     0.000
Ia-91T          0      0.00    0.0000    0.0000    0.0000     0.000     0.000
Ia-91bg         0      0.00    0.0000    0.0000    0.0000     0.000     0.000
Ia-csm          0      0.00    0.0000    0.0000    0.0000     0.000     0.000
Ia-pec          0      0.00    0.0000    0.0000    0.0000     0.000     0.000
Ia-99aa         0      0.00    0.0000    0.0000    0.0000     0.000     0.000
Ia-02cx         0      0.00    0.0000    0.0000    0.0000     0.000     0.000
###
Ib              0      0.00    0.0000    0.0000    0.0000     0.000     0.000
Ib-norm         0      0.00    0.0000    0.0000    0.0000     0.000     0.000
Ib-pec          0      0.00    0.0000    0.0000    0.0000     0.000     0.000
IIb             0      0.00    0.0000    0.0000    0.0000     0.000     0.000
Ibn             0      0.00    0.0000    0.0000    0.0000     0.000     0.000
###
Ic             11      1.00    0.0000    0.0385    0.0023    17.700     5.874
Ic-norm         0      0.00    0.0000    0.0000    0.0000     0.000     0.000
Ic-pec          0      0.00    0.0000    0.0000    0.0000     0.000     0.000
Ic-broad       10      0.91    0.0909    0.0389    0.0023    16.800     3.696
Ic-SL           1      0.09    0.0000    0.0378    0.0000    32.863     0.000
###
II              0      0.00    0.0000    0.0000    0.0000     0.000     0.000
IIP             0      0.00    0.0000    0.0000    0.0000     0.000     0.000
II-pec          0      0.00    0.0000    0.0000    0.0000     0.000     0.000
IIn             0      0.00    0.0000    0.0000    0.0000     0.000     0.000
IIL             0      0.00    0.0000    0.0000    0.0000     0.000     0.000
###
NotSN           0      0.00    0.0000    0.0000    0.0000     0.000     0.000
AGN             0      0.00    0.0000    0.0000    0.0000     0.000     0.000
Gal             0      0.00    0.0000    0.0000    0.0000     0.000     0.000
LBV             0      0.00    0.0000    0.0000    0.0000     0.000     0.000
M-star          0      0.00    0.0000    0.0000    0.0000     0.000     0.000
QSO             0      0.00    0.0000    0.0000    0.0000     0.000     0.000
C-star          0      0.00    0.0000    0.0000    0.0000     0.000     0.000
 
### rlap-ordered template listings ###
#no. sn type lap rlap z zerr age age_flag grade
   1  sn1997ef      Ic-broad   0.6999   6.56   0.0396   0.0142    21.60  0   good
   2  sn1997ef      Ic-broad   0.7080   6.19   0.0394   0.0155    18.60  0   good
   3  sn97ef        Ic-broad   0.6810   5.95   0.0380   0.0155    16.80  0   good
   4  sn1997ef      Ic-broad   0.7080   5.94   0.0385   0.0143    13.80  0   good
   5  sn1997ef      Ic-broad   0.7094   5.88   0.0383   0.0160    16.80  0   good
   6  sn97ef        Ic-broad   0.6864   5.79   0.0385   0.0158    23.50  0   good
   7  sn1997ef      Ic-broad   0.7067   5.76   0.0395   0.0161    15.70  0   good
   8  sn1997ef      Ic-broad   0.7094   5.44   0.0435   0.0176    12.80  0   good
   9  sn2007I       Ic-broad   0.6728   5.41   0.0521   0.0176     0.00  1    bad
  10  sn97ef        Ic-broad   0.7026   5.19   0.0384   0.0179    21.60  0   good
  11  PTF10hgi      Ic-SL      0.8204   5.05   0.0378   0.0123    32.86  0   good
  12  sn2007ce      Ic-broad   0.6647   5.05   0.0447   0.0181     0.00  1   good
#--- rlap cutoff
  13  sn1997ef      Ic-broad   0.6864   4.78   0.0322   0.0192    19.60  0    cut
  14  sn1997ef      Ic-broad   0.6999   4.63   0.0372   0.0200    26.50  0    cut
  15  sn97ef        Ic-broad   0.6999   4.63   0.0372   0.0200    26.50  0    cut
  16  sn97ef        Ic-broad   0.7148   4.59   0.0443   0.0210    13.80  0    cut
  17  sn04aw        Ic-pec     0.6986   4.44   0.0534   0.0181    -5.20  0    cut
  18  sn2013dx      Ic-broad   0.8461   4.41   0.0584   0.0222    19.50  0    cut
  19  sn2005ek      Ic-pec     0.6850   4.34   0.0272   0.0198     0.10  0    cut
  20  LSQ14mo       Ic-SL      0.7351   4.33   0.0374   0.0176     9.00  0    cut
  21  sn04aw        Ic-pec     0.6999   4.33   0.0489   0.0193    -3.30  0    cut
  22  sn2007I       Ic-broad   0.6715   4.25   0.0348   0.0199    10.00  1    cut
  23  sn2002ap      Ic-broad   0.6999   4.14   0.0467   0.0219     6.60  0    cut
  24  PTF10cwr      Ic-SL      0.4630   4.13   0.0510   0.0155    10.32  0    cut
  25  sn2002ap      Ic-broad   0.6999   4.09   0.0434   0.0223    11.60  0    cut
  26  sn2002ap      Ic-broad   0.6999   4.07   0.0484   0.0218     4.60  0    cut
  27  sn1997ef      Ic-broad   0.7283   4.03   0.0432   0.0256    44.30  0    cut
  28  sn97ef        Ic-broad   0.7283   4.03   0.0432   0.0256    44.30  0    cut
  29  sn2003jd      Ic-broad   0.6959   4.00   0.0597   0.0186    -3.60  0    cut
  30  sn2002ap      Ic-broad   0.6999   4.00   0.0477   0.0224     5.60  0    cut
  31  sn2011ke      Ic-SL      0.8461   3.97   0.0418   0.0198    38.49  0    cut
  32  sn97ef        Ic-broad   0.7270   3.93   0.0450   0.0234    12.80  0    cut
  33  sn04aw        Ic-pec     0.6972   3.91   0.0334   0.0269    30.20  0    cut
  34  sn2003jd      Ic-broad   0.6945   3.88   0.0563   0.0198    -1.60  0    cut
  35  LSQ12dlf      Ic-SL      0.7378   3.84   0.0390   0.0230    43.20  0    cut
  36  sn2011ke      Ic-SL      0.7798   3.78   0.0455   0.0245    14.87  0    cut
  37  sn2003jd      Ic-broad   0.6931   3.75   0.0562   0.0207    -0.60  0    cut
  38  SSS120810-23  Ic-SL      0.8028   3.75   0.0468   0.0272    38.63  0    cut
  39  iPTF13ehe     Ic-SL      0.7811   3.74   0.0415   0.0226    -5.11  0    cut
  40  PTF11rks      Ic-SL      0.7744   3.73   0.0648   0.0217     9.05  0    cut
  41  sn2005bf      NotSN      0.7879   3.73   0.0523   0.0220   -26.30  0    cut
  42  sn2005ek      Ic-pec     0.7040   3.72   0.0285   0.0203    -0.90  0    cut
  43  sn2006aj      Ic-broad   0.8461   3.68   0.0686   0.0205     0.00  0    cut
  44  sn2003jd      Ic-broad   0.6986   3.68   0.0460   0.0248    22.40  0    cut
  45  SSS120810-23  Ic-SL      0.8028   3.66   0.0485   0.0298    56.58  0    cut
  46  sn2003jd      Ic-broad   0.6877   3.62   0.0582   0.0204    -2.60  0    cut
  47  sn2002ap      Ic-broad   0.6999   3.61   0.0497   0.0240     3.60  0    cut
  48  sn2013dx      Ic-broad   0.8461   3.60   0.0611   0.0270    10.70  0    cut
  49  sn2011ke      Ic-SL      0.8461   3.58   0.0441   0.0264     8.75  0    cut
  50  sn2006aj      Ic-broad   0.8461   3.58   0.0590   0.0241     5.00  0    cut
  51  sn2005ek      Ic-pec     0.6579   3.57   0.0253   0.0275     2.10  0    cut
  52  PTF12dam      Ic-SL      0.7351   3.56   0.0415   0.0220    54.61  0    cut
  53  SSS120810-23  Ic-SL      0.8028   3.56   0.0454   0.0270    56.58  0    cut
  54  sn2015bn      Ic-SL      0.8461   3.56   0.0459   0.0165    -7.63  0    cut
  55  sn2007ru      Ic-broad   0.7135   3.53   0.0585   0.0192    -3.04  0    cut
  56  sn2015bn      Ic-SL      0.8461   3.52   0.0439   0.0177   -27.39  0    cut
  57  sn2005bf      NotSN      0.7879   3.52   0.0496   0.0252   -23.30  0    cut
  58  SSS120810-23  Ic-SL      0.8015   3.50   0.0537   0.0287    31.80  0    cut
  59  iPTF13ajg     Ic-SL      0.4968   3.50   0.0375   0.0262    45.63  0    cut
  60  sn04aw        Ic-pec     0.6999   3.47   0.0413   0.0251     0.80  0    cut
  61  sn2007ce      Ic-broad   0.6634   3.46   0.0393   0.0250     4.00  1    cut
  62  sn2013dx      Ic-broad   0.8461   3.45   0.0589   0.0288    16.90  0    cut
  63  sn2003jd      Ic-broad   0.6972   3.40   0.0469   0.0268    21.40  0    cut
  64  sn2007ce      Ic-broad   0.6674   3.40   0.0386   0.0265    10.00  1    cut
  65  sn2007ru      Ic-broad   0.7162   3.40   0.0557   0.0202    -0.04  0    cut
  66  sn04aw        Ic-pec     0.7717   3.39   0.0372   0.0288    21.30  0    cut
  67  SSS120810-23  Ic-SL      0.8001   3.38   0.0545   0.0289    31.80  0    cut
  68  sn2013dx      Ic-broad   0.8461   3.35   0.0611   0.0295    13.40  0    cut
  69  SSS120810-23  Ic-SL      0.8042   3.34   0.0480   0.0250    56.58  0    cut
  70  sn2003jd      Ic-broad   0.6959   3.34   0.0431   0.0269    19.40  0    cut
  71  sn04aw        Ic-pec     0.6999   3.33   0.0411   0.0269     1.60  0    cut
  72  kcSa          Gal        0.8461   3.31   0.0292   0.0078   -99.90  2    cut
  73  sn2003jd      Ic-broad   0.6945   3.30   0.0458   0.0276    23.40  0    cut
  74  sn2003jd      Ic-broad   0.6864   3.29   0.0479   0.0280    18.40  0    cut
  75  iPTF13ajg     Ic-SL      0.4440   3.27   0.0352   0.0229    24.94  0    cut
  76  PTF10cwr      Ic-SL      0.6173   3.24   0.0444   0.0228    20.88  0    cut
  77  sn2003jd      Ic-broad   0.6986   3.24   0.0528   0.0258    27.40  0    cut
  78  PTF11rks      Ic-SL      0.7798   3.23   0.0660   0.0214     2.35  0    cut
  79  sn2003dh      Ic-broad   0.8069   3.23   0.0562   0.0271    30.40  0    cut
  80  sn2003jd      Ic-broad   0.6931   3.22   0.0443   0.0289    20.40  0    cut
  81  sn02ap        Ic-broad   0.6255   3.18  -0.0038   0.0195    12.70  0    cut
  82  sn04aw        Ic-pec     0.8461   3.18   0.0537   0.0255    -1.70  0    cut
  83  sn2003jd      Ic-broad   0.6904   3.18   0.0524   0.0231     0.40  0    cut
  84  sn2002ap      Ic-broad   0.6255   3.17  -0.0037   0.0196    12.70  0    cut
  85  LSQ12dlf      Ic-SL      0.5253   3.17   0.0410   0.0223     8.00  0    cut
  86  sn2012il      Ic-SL      0.7893   3.16   0.0540   0.0094    12.85  0    cut
  87  PTF11rks      Ic-SL      0.7757   3.15   0.0535   0.0292    16.60  0    cut
  88  sn2013dg      Ic-SL      0.5943   3.12   0.0468   0.0226    15.48  0    cut
  89  sn97ef        Ic-broad   0.6850   3.11   0.0377   0.0283    40.30  0    cut
  90  sn1997ef      Ic-broad   0.6850   3.11   0.0376   0.0283    40.30  0    cut
  91  sn04aw        Ic-pec     0.8461   3.10   0.0521   0.0267    -0.20  0    cut
  92  sn2015bn      Ic-SL      0.8461   3.10   0.0425   0.0211   -28.29  0    cut
  93  LSQ12dlf      Ic-SL      0.7378   3.08   0.0416   0.0294    32.80  0    cut
  94  sn2003jd      Ic-broad   0.6931   3.07   0.0465   0.0285    33.40  0    cut
  95  sn2007bi      Ic-SL      0.8461   3.04   0.0519   0.0238    55.41  0    cut
  96  sn2013dx      Ic-broad   0.8461   3.03   0.0706   0.0300    -1.50  0    cut
  97  sn2015bn      Ic-SL      0.8461   3.02   0.0442   0.0205   -21.10  0    cut
  98  sn2005bf      NotSN      0.7866   3.02   0.0482   0.0280   -19.50  0    cut
  99  sn2007ru      Ic-broad   0.8461   3.01   0.0551   0.0284    35.96  0    cut
 100  SSS120810-23  Ic-SL      0.8042   3.00   0.0487   0.0292    56.58  0    cut
 101  sn04aw        Ic-pec     0.7378   3.00   0.0369   0.0301    18.40  0    cut
 102  sn97ef        Ic-broad   0.5645   2.98   0.0327   0.0269     6.80  0    cut
 103  sn1997ef      Ic-broad   0.5645   2.98   0.0327   0.0269     6.90  0    cut
 104  sn2015bn      Ic-SL      0.8461   2.94   0.0454   0.0199    -8.53  0    cut
 105  LSQ12dlf      Ic-SL      0.7351   2.93   0.0407   0.0266    15.20  0    cut
 106  sn2002ap      Ic-broad   0.6999   2.92   0.0443   0.0285    25.50  0    cut
 107  PTF12dam      Ic-SL      0.7256   2.91   0.0472   0.0246    33.85  0    cut
 108  sn2006aj      Ic-broad   0.8285   2.90   0.0619   0.0274     2.80  0    cut
 109  sn2006aj      Ic-broad   0.8461   2.89   0.0875   0.0260    -5.20  0    cut
 110  kcE           Gal        0.8461   2.88   0.1555   0.0228   -99.90  2    cut
 111  iPTF13ajg     Ic-SL      0.4454   2.88   0.0433   0.0260    27.24  0    cut
 112  sn2007bi      Ic-SL      0.8461   2.88   0.0572   0.0277   101.52  0    cut
 113  sn2005ek      Ic-pec     0.6566   2.86   0.0404   0.0323     1.10  0    cut
 114  PTF12dam      Ic-SL      0.5090   2.85   0.0479   0.0282    64.54  0    cut
 115  sn04aw        Ic-pec     0.7202   2.84   0.0382   0.0296    25.90  0    cut
 116  sn2007ce      Ic-broad   0.6755   2.84   0.0381   0.0283    12.00  1    cut
 117  LSQ14mo       Ic-SL      0.7324   2.84   0.0381   0.0261    15.00  0    cut
 118  sn04aw        Ic-pec     0.6999   2.83   0.0445   0.0271    -2.20  0    cut
 119  16coi         Ic-broad   0.8069   2.82   0.0582   0.0271     0.35  0    cut
 120  SSS120810-23  Ic-SL      0.8001   2.81   0.0540   0.0328    38.63  0    cut
 121  sn2006aj      Ic-broad   0.6309   2.80   0.0685   0.0298     1.00  0    cut
 122  kcS0          Gal        0.8461   2.80   0.1547   0.0226   -99.90  2    cut
 123  sn2013dx      Ic-broad   0.6810   2.80   0.0708   0.0315     2.30  0    cut
 124  sn2013dx      Ic-broad   0.6823   2.80   0.0690   0.0294    -0.70  0    cut
 125  sn2007ce      Ic-broad   0.6620   2.79   0.0317   0.0327    32.00  1    cut
 126  sn04aw        Ic-pec     0.6579   2.78   0.0402   0.0288    -1.30  0    cut
 127  sn2005bf      NotSN      0.8461   2.78   0.1658   0.0193     2.40  0    cut
 128  sn2015bn      Ic-SL      0.8461   2.76   0.0451   0.0206    -2.24  0    cut
 129  mstar         M-star     0.8461   2.76   0.0284   0.0132     3.00  2    cut
 130  sn2006aj      Ic-broad   0.8461   2.75   0.0764   0.0335     2.00  0    cut
 131  sn2007ce      Ic-broad   0.6904   2.75   0.0422   0.0314     8.00  1    cut
 132  sn2006aj      Ic-broad   0.7026   2.75   0.0728   0.0265    -1.20  0    cut
 133  sn2006aj      Ic-broad   0.8461   2.74   0.0875   0.0294    -2.00  0    cut
 134  sn2013dx      Ic-broad   0.6755   2.73   0.0597   0.0340     4.60  0    cut
 135  PS1-11ap      Ic-SL      0.6647   2.73   0.0418   0.0268    38.06  0    cut
 136  sn2006aj      Ic-broad   0.7053   2.73   0.0725   0.0286    -0.20  0    cut
 137  16coi         Ic-broad   0.8082   2.71   0.0509   0.0279    10.35  0    cut
 138  sn2007ru      Ic-broad   0.6214   2.71   0.0426   0.0303    15.96  0    cut
 139  16coi         Ic-broad   0.8082   2.70   0.0500   0.0288     6.35  0    cut
 140  sn2013dx      Ic-broad   0.8461   2.70   0.0639   0.0111    23.00  0    cut
 141  lbv2003hy     LBV        0.6959   2.67   0.0242   0.0250   -99.90  2    cut
 142  lbv03hy       LBV        0.6959   2.67   0.0242   0.0250   -99.90  2    cut
 143  sn2015bn      Ic-SL      0.8461   2.67   0.0493   0.0276    57.02  0    cut
 144  sn2003jd      Ic-broad   0.6999   2.66   0.0472   0.0339    26.40  0    cut
 145  sn04aw        Ic-pec     0.8461   2.65   0.0501   0.0307     5.30  0    cut
 146  sn2007ru      Ic-broad   0.7432   2.65   0.0467   0.0295     8.96  0    cut
 147  PTF10qts      Ic-broad   0.7311   2.65   0.0619   0.0285     9.80  0    cut
 148  sn04aw        Ic-pec     0.7744   2.64   0.0351   0.0271    46.00  0    cut
 149  sn2015bn      Ic-SL      0.8461   2.64   0.0415   0.0263   -22.00  0    cut
 150  sn2007I       Ic-broad   0.5930   2.64   0.0339   0.0278     5.00  1    cut
 151  sn2005bf      NotSN      0.7175   2.62   0.0568   0.0214   -26.20  0    cut
 152  sn02ap        Ic-broad   0.6999   2.62   0.0544   0.0305     0.60  0    cut
 153  16coi         Ic-broad   0.8082   2.62   0.0491   0.0288     7.35  0    cut
 154  sn2002ap      Ic-broad   0.6999   2.61   0.0545   0.0305     0.60  0    cut
 155  16coi         Ic-broad   0.8055   2.60   0.0577   0.0280    -1.65  0    cut
 156  PTF10cwr      Ic-SL      0.8136   2.59   0.0444   0.0328    29.00  0    cut
 157  sn2012ap      Ic-broad   0.8461   2.58   0.0617   0.0316     8.00  0    cut
 158  sn04aw        Ic-pec     0.8109   2.58   0.0529   0.0363     3.10  0    cut
 159  LSQ12dlf      Ic-SL      0.5023   2.57   0.0450   0.0127     8.00  0    cut
 160  16coi         Ic-broad   0.8069   2.57   0.0564   0.0270     2.35  0    cut
 161  sn2002ap      Ic-broad   0.7013   2.56   0.0460   0.0314    30.50  0    cut
 162  sn2013dx      Ic-broad   0.6769   2.56   0.0757   0.0293     1.30  0    cut
 163  SSS120810-23  Ic-SL      0.7960   2.55   0.0613   0.0311    12.99  0    cut
 164  sn2006aj      Ic-broad   0.8461   2.54   0.0693   0.0358     3.00  0    cut
 165  sn2003jd      Ic-broad   0.8367   2.54   0.1226   0.0255   404.40  0    cut
 166  mstar         M-star     0.8461   2.54   0.1718   0.0340     0.00  2    cut
 167  sn2007bi      Ic-SL      0.8461   2.53   0.0571   0.0213   133.43  0    cut
 168  sn2002ap      Ic-broad   0.6999   2.53   0.0446   0.0319    29.50  0    cut
 169  sn2003jd      Ic-broad   0.6891   2.53   0.0453   0.0328    47.40  0    cut
 170  LSQ12dlf      Ic-SL      0.7378   2.52   0.0343   0.0318    32.80  0    cut
 171  sn2007bg      Ic-broad   0.7365   2.51   0.0345   0.0264    27.20  0    cut
 172  sn2015bn      Ic-SL      0.8461   2.51   0.0426   0.0253     3.14  0    cut
 173  sn2006aj      Ic-broad   0.8461   2.50   0.0914   0.0261    -6.00  0    cut
 174  LSQ14mo       Ic-SL      0.7351   2.50   0.0399   0.0318    22.00  0    cut
 175  sn2005bf      NotSN      0.7148   2.50   0.0537   0.0212   -25.20  0    cut
 176  sn97ef        Ic-broad   0.8461   2.48   0.0458   0.0294    48.20  0    cut
 177  PTF10vgv      Ic-broad   0.8461   2.48   0.0390   0.0379     8.20  0    cut
 178  m1            M-star     0.7663   2.47   0.0318   0.0228  -100.00  2    cut
 179  sn2011ke      Ic-SL      0.8461   2.47   0.0507   0.0337    23.62  0    cut
 180  sn2010bh      Ic-broad   0.8461   2.47   0.1864   0.0145    -3.50  0    cut
 181  sn04aw        Ic-pec     0.6877   2.46   0.0401   0.0339    48.00  0    cut
 182  sn2012ap      Ic-broad   0.5456   2.45   0.0545   0.0369     1.00  0    cut
 183  sn1997ef      Ic-broad   0.8461   2.43   0.0468   0.0300    48.10  0    cut
 184  sn2006aj      Ic-broad   0.8461   2.43   0.0757   0.0298    -2.20  0    cut
 185  PTF12dam      Ic-SL      0.8285   2.43   0.0564   0.0266    10.38  0    cut
 186  LSQ12dlf      Ic-SL      0.7365   2.43   0.0282   0.0338    43.20  0    cut
 187  PTF10qts      Ic-broad   0.8461   2.42   0.0582   0.0378    19.90  0    cut
 188  sn2007ru      Ic-broad   0.7189   2.42   0.0442   0.0290    28.96  0    cut
 189  iPTF13ajg     Ic-SL      0.5077   2.41   0.0437   0.0215     9.43  0    cut
 190  sn2005ek      Ic-pec     0.6999   2.41   0.0340   0.0312     3.10  0    cut
 191  mstar         M-star     0.8461   2.40   0.0295   0.0146     2.00  2    cut
 192  lbv2003hy     LBV        0.6945   2.40   0.0317   0.0228   -99.90  2    cut
 193  lbv03hy       LBV        0.6945   2.40   0.0317   0.0228   -99.90  2    cut
 194  sn2006aj      Ic-broad   0.8461   2.39   0.0782   0.0398     4.00  0    cut
 195  sn2007bi      Ic-SL      0.8461   2.39   0.0563   0.0284    48.32  0    cut
 196  LSQ12dlf      Ic-SL      0.7297   2.38   0.0437   0.0309    20.00  0    cut
 197  sn2007ce      Ic-broad   0.6931   2.38   0.0460   0.0327     2.00  1    cut
 198  sn2007ru      Ic-broad   0.7283   2.38   0.0476   0.0328     4.96  0    cut
 199  sn98bw        Ic-broad   0.8461   2.38   0.0567   0.0337    13.70  0    cut
 200  sn2007ru      Ic-broad   0.6931   2.37   0.0527   0.0345     3.96  0    cut
 201  lbv2003hy     LBV        0.6959   2.37   0.0319   0.0303   -99.90  2    cut
 202  lbv03hy       LBV        0.6959   2.37   0.0319   0.0303   -99.90  2    cut
 203  sn2006aj      Ic-broad   0.8461   2.35   0.0876   0.0315    -3.00  0    cut
 204  sn2006aj      Ic-broad   0.8461   2.35   0.0967   0.0288    -5.00  0    cut
 205  PTF09cnd      Ic-SL      0.8326   2.34   0.0427   0.0286   117.57  0    cut
 206  sn98bw        Ic-broad   0.8461   2.33   0.0549   0.0374    17.70  0    cut
 207  sn1998bw      Ic-broad   0.8461   2.33   0.0549   0.0375     0.80  0    cut
 208  PTF12dam      Ic-SL      0.8299   2.32   0.0536   0.0262    -1.35  0    cut
 209  sn2013dg      Ic-SL      0.5767   2.30   0.0506   0.0275    34.52  0    cut
 210  sn2012bz      Ic-broad   0.5984   2.29   0.0848   0.0284     0.80  0    cut
 211  lbv2003hy     LBV        0.6972   2.29   0.0319   0.0314   -99.90  2    cut
 212  lbv03hy       LBV        0.6972   2.29   0.0319   0.0314   -99.90  2    cut
 213  sn2007bg      Ic-broad   0.8204   2.29   0.0577   0.0342     6.90  0    cut
 214  sn2009bb      Ic-broad   0.8015   2.28   0.0643   0.0270    14.60  0    cut
 215  sn04aw        Ic-pec     0.8109   2.28   0.0314   0.0392     1.90  0    cut
 216  sn2010bh      Ic-broad   0.8461   2.27   0.0202   0.0238     0.30  0    cut
 217  sn2003jd      Ic-broad   0.6918   2.26   0.0483   0.0350    49.40  0    cut
 218  sn2015bn      Ic-SL      0.8461   2.26   0.0443   0.0305    49.84  0    cut
 219  sn2003jd      Ic-broad   0.6999   2.26   0.0489   0.0350    51.40  0    cut
 220  sn2012bz      Ic-broad   0.5659   2.25   0.0712   0.0374     8.60  0    cut
 221  mstar         M-star     0.8461   2.24   0.1819   0.0323     1.00  2    cut
 222  PS1-11ap      Ic-SL      0.5483   2.24   0.0446   0.0182   201.44  0    cut
 223  sn2015bn      Ic-SL      0.8461   2.23   0.0461   0.0309    83.06  0    cut
 224  sn2015bn      Ic-SL      0.8461   2.23   0.0449   0.0259     5.84  0    cut
 225  sn04aw        Ic-pec     0.8461   2.23   0.0468   0.0282    23.00  0    cut
 226  carbonstar3   C-star     0.7663   2.22   0.1002   0.0250  -100.00  2    cut
 227  PS1-11ap      Ic-SL      0.5632   2.22   0.0493   0.0212   -19.68  0    cut
 228  sn2005bf      NotSN      0.7175   2.21   0.0590   0.0236   -29.10  0    cut
 229  sn1997ef      Ic-broad   0.8461   2.21   0.0511   0.0394    -5.00  0    cut
 230  PTF10qts      Ic-broad   0.8461   2.21   0.0684   0.0235    -1.20  0    cut
 231  sn2005bf      NotSN      0.7162   2.21   0.0577   0.0218   -27.20  0    cut
 232  sn2005bf      NotSN      0.6065   2.20   0.0446   0.0329    -1.90  0    cut
 233  sn2006aj      Ic-broad   0.8461   2.20   0.0423   0.0285    10.00  0    cut
 234  kcSb          Gal        0.8461   2.20   0.1518   0.0300   -99.90  2    cut
 235  sn2003dh      Ic-broad   0.8069   2.20   0.0463   0.0346    17.50  0    cut
 236  sn02ap        Ic-broad   0.6227   2.19   0.0258   0.0319     9.50  0    cut
 237  sn97ef        Ic-broad   0.8461   2.19   0.0511   0.0390    -5.00  0    cut
 238  sn2002ap      Ic-broad   0.6227   2.18   0.0259   0.0319     9.50  0    cut
 239  sn2014ad      Ic-broad   0.7419   2.18   0.0706   0.0460    37.02  0    cut
 240  sn2002ap      Ic-broad   0.6959   2.17   0.0560   0.0349    -0.40  0    cut
 241  SSS120810-23  Ic-SL      0.8015   2.16   0.0621   0.0369    38.63  0    cut
 242  sn2010bh      Ic-broad   0.8461   2.16   0.1882   0.0285    -4.40  0    cut
 243  sn2015bn      Ic-SL      0.8461   2.16   0.0438   0.0300    30.08  0    cut
 244  sn2012ap      Ic-broad   0.8461   2.15   0.0593   0.0353     4.00  0    cut
 245  sn02ap        Ic-broad   0.6945   2.15   0.0558   0.0351    -0.40  0    cut
 246  sn2005ek      Ic-pec     0.7040   2.15   0.0297   0.0262     5.10  0    cut
 247  sn2012il      Ic-SL      0.4820   2.15   0.0411   0.0384    40.94  0    cut
 248  sn2015bn      Ic-SL      0.8461   2.15   0.0430   0.0344    71.39  0    cut
 249  sn2005nb      Ic-broad   0.7080   2.14   0.0414   0.0321    -3.50  0    cut
 250  lbv2003hy     LBV        0.6945   2.14   0.0264   0.0329   -99.90  2    cut
 251  lbv03hy       LBV        0.6945   2.14   0.0264   0.0329   -99.90  2    cut
 252  lbv2003hy     LBV        0.6959   2.14   0.0310   0.0278   -99.90  2    cut
 253  lbv03hy       LBV        0.6959   2.14   0.0310   0.0278   -99.90  2    cut
 254  sn2013dx      Ic-broad   0.8461   2.13   0.0703   0.0365    -3.20  0    cut
 255  sn1998bw      Ic-broad   0.8461   2.13   0.0570   0.0383    -1.20  0    cut
 256  16coi         Ic-broad   0.8055   2.12   0.0587   0.0307    -2.65  0    cut
 257  sn98bw        Ic-broad   0.8461   2.12   0.0569   0.0386    15.70  0    cut
 258  PTF12dam      Ic-SL      0.7757   2.12   0.0521   0.0289    17.60  0    cut
 259  sn2005bf      NotSN      0.7175   2.12   0.1694   0.0258    -3.70  0    cut
 260  sn1997ef      Ic-broad   0.6945   2.12   0.0551   0.0359    -4.10  0    cut
 261  sn2005bf      NotSN      0.7148   2.11   0.1725   0.0261    -8.60  0    cut
 262  sn04aw        Ic-pec     0.8461   2.10   0.0482   0.0369    12.20  0    cut
 263  sn02ap        Ic-broad   0.7554   2.10   0.0489   0.0397     4.60  0    cut
 264  sn2006aj      Ic-broad   0.7013   2.10   0.0747   0.0262    -4.20  0    cut
 265  sn2006aj      Ic-broad   0.6431   2.10   0.0809   0.0332    -7.00  0    cut
 266  m3            M-star     0.7635   2.09   0.0324   0.0270  -100.00  2    cut
 267  ASASSN-15lh   Ic-SL      0.7419   2.09   0.0553   0.0332    38.94  0    cut
 268  sn2003dh      Ic-broad   0.6593   2.09   0.0449   0.0271    12.40  0    cut
 269  sn2005bf      NotSN      0.7175   2.09   0.1627   0.0262    21.80  0    cut
 270  sn2005bf      NotSN      0.7107   2.08   0.1721   0.0266    -6.60  0    cut
 271  sn2012ap      Ic-broad   0.8461   2.08   0.0464   0.0373    25.00  0    cut
 272  sn2007ce      Ic-broad   0.6810   2.08   0.0481   0.0348    16.00  1    cut
 273  PTF10bzf      Ic-broad   0.7784   2.08   0.0726   0.0406     2.20  0    cut
 274  sn2013dg      Ic-SL      0.5713   2.07   0.0534   0.0227     2.78  0    cut
 275  sn2006aj      Ic-broad   0.8461   2.07   0.0698   0.0437    -1.00  0    cut
 276  lbv2003hy     LBV        0.6931   2.07   0.0299   0.0290   -99.90  2    cut
 277  lbv03hy       LBV        0.6931   2.07   0.0299   0.0290   -99.90  2    cut
 278  sn98bw        Ic-broad   0.8461   2.07   0.0634   0.0413     7.80  0    cut
 279  sn2005bf      NotSN      0.7148   2.06   0.1729   0.0272    -5.60  0    cut
 280  sn2003jd      Ic-broad   0.6999   2.06   0.0450   0.0339    54.40  0    cut
 281  sn2005bf      NotSN      0.7121   2.06   0.0516   0.0259   -23.20  0    cut
 282  sn2007ce      Ic-broad   0.6931   2.05   0.0389   0.0366     6.00  1    cut
 283  sn1997ef      Ic-broad   0.8461   2.04   0.0496   0.0341    46.20  0    cut
 284  sn2005bf      NotSN      0.7094   2.04   0.1696   0.0271    -4.60  0    cut
 285  sn2010bh      Ic-broad   0.8461   2.04   0.0016   0.0294     1.20  0    cut
 286  sn2010bh      Ic-broad   0.8461   2.04   0.0118   0.0276     1.20  0    cut
 287  LSQ12dlf      Ic-SL      0.7378   2.03   0.0379   0.0365     6.40  0    cut
 288  sn2006aj      Ic-broad   0.5537   2.03   0.0621   0.0320     1.80  0    cut
 289  sn2011kl      Ic-SL      0.4440   2.03   0.0370   0.0265    -0.89  0    cut
 290  sn1998bw      Ic-broad   0.8461   2.02   0.0542   0.0390     1.80  0    cut
 291  sn1998bw      Ic-broad   0.8461   2.02   0.0653   0.0424    -9.20  0    cut
 292  sn97ef        Ic-broad   0.8461   2.01   0.0492   0.0345    46.20  0    cut
 293  sn2003jd      Ic-broad   0.8367   1.99   0.0539   0.0336    49.40  0    cut
 294  sn2005bf      NotSN      0.7175   1.99   0.1688   0.0267    -2.60  0    cut
 295  sn97ef        Ic-broad   0.7514   1.98   0.0473   0.0397    -4.10  0    cut
 296  PTF10vgv      Ic-broad   0.6755   1.98   0.0232   0.0359     4.20  0    cut
 297  sn04aw        Ic-pec     0.8367   1.98   0.0442   0.0378    18.10  0    cut
 298  sn1997ef      Ic-broad   0.6999   1.97   0.0585   0.0356    -5.10  0    cut
 299  sn97ef        Ic-broad   0.6999   1.97   0.0585   0.0356    -5.10  0    cut
 300  PTF10qts      Ic-broad   0.8461   1.97   0.0697   0.0274     0.60  0    cut
 301  sn1997ef      Ic-broad   0.8461   1.97   0.0485   0.0401    48.40  0    cut
 302  sn02ap        Ic-broad   0.7554   1.97   0.0502   0.0413     3.60  0    cut
 303  sn2003jd      Ic-broad   0.6918   1.97   0.0407   0.0410    46.40  0    cut
 304  sn02ap        Ic-broad   0.7622   1.96   0.0486   0.0415     6.60  0    cut
 305  sn97ef        Ic-broad   0.8461   1.96   0.0486   0.0397    48.40  0    cut
 306  sn2005bf      NotSN      0.7148   1.96   0.1648   0.0278     5.20  0    cut
 307  sn2011kf      Ic-SL      0.6904   1.95   0.0398   0.0422    24.90  0    cut
 308  sn04aw        Ic-pec     0.7784   1.95   0.0365   0.0390     2.60  0    cut
 309  sn2013dg      Ic-SL      0.4007   1.94   0.0419   0.0359    45.63  0    cut
 310  sn2006aj      Ic-broad   0.7040   1.94   0.0737   0.0309    -3.20  0    cut
 311  sn2013dx      Ic-broad   0.8461   1.94   0.0682   0.0358     1.30  0    cut
 312  sn02ap        Ic-broad   0.6945   1.93   0.0600   0.0372    -1.40  0    cut
 313  sn2006aj      Ic-broad   0.8461   1.93   0.0481   0.0407     8.00  0    cut
 314  sn2002ap      Ic-broad   0.6945   1.93   0.0601   0.0372    -1.40  0    cut
 315  sn2007D       Ic-broad   0.5578   1.91   0.0601   0.0349    -7.90  0    cut
 316  sn1998bw      Ic-broad   0.8461   1.91   0.0538   0.0408     3.80  0    cut
 317  sn2003dh      Ic-broad   0.7947   1.91   0.0367   0.0324     5.60  0    cut
 318  kcSB6         Gal        0.8461   1.91   0.0291   0.0091   -99.90  2    cut
 319  PTF10hgi      Ic-SL      0.8082   1.90   0.1649   0.0182    68.37  0    cut
 320  sn1998bw      Ic-broad   0.8461   1.90   0.0626   0.0435    -5.20  0    cut
 321  PTF10vgv      Ic-broad   0.8461   1.89   0.0363   0.0483    36.70  0    cut
 322  sn2003jd      Ic-broad   0.8285   1.89   0.0544   0.0350    48.40  0    cut
 323  sn2002ap      Ic-broad   0.6214   1.88   0.0673   0.0352    -4.50  0    cut
 324  sn2005bf      NotSN      0.7148   1.88   0.1637   0.0259     7.20  0    cut
 325  sn02ap        Ic-broad   0.6214   1.88   0.0672   0.0352    -4.50  0    cut
 326  sn02ap        Ic-broad   0.7622   1.87   0.0494   0.0433     5.60  0    cut
 327  sn2007bi      Ic-SL      0.8461   1.87   0.0608   0.0284   470.34  0    cut
 328  sn2015bn      Ic-SL      0.8461   1.87   0.0442   0.0380    89.35  0    cut
 329  sn2012bz      Ic-broad   0.5632   1.87   0.0740   0.0336     3.90  0    cut
 330  sn02ap        Ic-broad   0.6214   1.86   0.0303   0.0397     6.50  0    cut
 331  sn2015bn      Ic-SL      0.6783   1.86   0.0300   0.0316   -17.51  0    cut
 332  PTF12dam      Ic-SL      0.8285   1.86   0.0553   0.0242    -7.67  0    cut
 333  ASASSN-15lh   Ic-SL      0.7419   1.85   0.0810   0.0222    12.98  0    cut
 334  PTF09cwl      Ic-SL      0.7703   1.85   0.0530   0.0223    -1.63  0    cut
 335  sn2007bg      Ic-broad   0.8204   1.84   0.0436   0.0366    18.50  0    cut
 336  sn1998bw      Ic-broad   0.8461   1.83   0.0570   0.0378    -3.20  0    cut
 337  sn2002ap      Ic-broad   0.4928   1.83   0.0571   0.0309   128.70  0    cut
 338  sn02ap        Ic-broad   0.4928   1.83   0.0570   0.0309   128.70  0    cut
 339  sn2005bf      NotSN      0.7148   1.83   0.1665   0.0319     2.20  0    cut
 340  iPTF13ajg     Ic-SL      0.5063   1.83   0.1653   0.0321    79.54  0    cut
 341  sn02ap        Ic-broad   0.7608   1.82   0.0451   0.0441    11.60  0    cut
 342  sn2007bi      Ic-SL      0.8461   1.82   0.0585   0.0322   367.50  0    cut
 343  16coi         Ic-broad   0.8082   1.82   0.0314   0.0399    42.35  0    cut
 344  sn1998bw      Ic-broad   0.8461   1.81   0.0603   0.0409    -4.20  0    cut
 345  sn2005bf      NotSN      0.7135   1.81   0.1659   0.0330     4.20  0    cut
 346  sn2007bi      Ic-SL      0.8461   1.81   0.0584   0.0338    53.64  0    cut
 347  iPTF13ajg     Ic-SL      0.8461   1.80   1.0600   0.0090    -4.37  0    cut
 348  iPTF13ehe     Ic-SL      0.7162   1.80   0.0307   0.0386    -8.87  0    cut
 349  sn2002ap      Ic-broad   0.6227   1.79   0.0301   0.0409     6.50  0    cut
 350  sn2013dx      Ic-broad   0.8434   1.79   0.1952   0.0289     6.40  0    cut
 351  sn04aw        Ic-pec     0.8461   1.79   0.0463   0.0897    19.10  0    cut
 352  sn1998bw      Ic-broad   0.8461   1.77   0.0530   0.0403     6.80  0    cut
 353  sn1997ef      Ic-broad   0.6945   1.77   0.0587   0.0395    -6.10  0    cut
 354  sn2015bn      Ic-SL      0.7419   1.77   0.0454   0.0431    30.98  0    cut
 355  sn97ef        Ic-broad   0.6986   1.77   0.0590   0.0397    -6.10  0    cut
 356  sn2011ke      Ic-SL      0.8339   1.77   0.0482   0.0400    44.62  0    cut
 357  sn2005bf      NotSN      0.7135   1.77   0.1679   0.0297    -0.70  0    cut
 358  sn02ap        Ic-broad   0.8461   1.76   0.0501   0.0491    -2.40  0    cut
 359  sn04aw        Ic-pec     0.7784   1.76   0.0505   0.0470     3.60  0    cut
 360  sn2002ap      Ic-broad   0.8461   1.76   0.0502   0.0491    -2.40  0    cut
 361  sn2009bb      Ic-broad   0.7730   1.76   0.0873   0.0347    -4.40  0    cut
 362  sn2005bf      NotSN      0.7135   1.76   0.1657   0.0292     0.20  0    cut
 363  sn97ef        Ic-broad   0.6972   1.76   0.0679   0.0397    -9.10  0    cut
 364  sn2012ap      Ic-broad   0.8461   1.76   0.0632   0.0415     2.00  0    cut
 365  sn1997ef      Ic-broad   0.6972   1.76   0.0679   0.0397    -9.10  0    cut
 366  sn1998bw      Ic-broad   0.8461   1.75   0.0540   0.0437     8.80  0    cut
 367  sn2005bf      NotSN      0.7148   1.75   0.1667   0.0321     1.20  0    cut
 368  sn1998bw      Ic-broad   0.8461   1.75   0.0532   0.0432     9.80  0    cut
 369  kcSB3         Gal        0.8461   1.75   0.0303   0.0096   -99.90  2    cut
 370  sn2010bh      Ic-broad   0.8461   1.74   0.0011   0.0306     4.10  0    cut
 371  sn2006aj      Ic-broad   0.8461   1.73   0.2739   0.0515     6.00  0    cut
 372  PTF10cwr      Ic-SL      0.8353   1.73   0.2226   0.0346    -7.55  0    cut
 373  sn1997ef      Ic-broad   0.6999   1.72   0.0418   0.0426    79.80  0    cut
 374  sn2013dx      Ic-broad   0.6769   1.72   0.0827   0.0326    -5.00  0    cut
 375  lbv2003hy     LBV        0.6972   1.71   0.0305   0.0355   -99.90  2    cut
 376  lbv03hy       LBV        0.6972   1.71   0.0305   0.0355   -99.90  2    cut
 377  16coi         Ic-broad   0.8082   1.71   0.0402   0.0399    23.35  0    cut
 378  sn2011ke      Ic-SL      0.6024   1.70   0.0445   0.0644    30.62  0    cut
 379  sn98bw        Ic-broad   0.8461   1.70   0.0876   0.0479    23.70  0    cut
 380  iPTF13ajg     Ic-SL      0.4440   1.70   0.0607   0.0250    -8.97  0    cut
 381  16coi         Ic-broad   0.8082   1.69   0.0409   0.0425    30.35  0    cut
 382  sn2013dx      Ic-broad   0.8461   1.69   0.0449   0.0215     4.60  0    cut
 383  PTF10cwr      Ic-SL      0.4982   1.69   0.0536   0.0355    56.62  0    cut
 384  sn2009bb      Ic-broad   0.7216   1.69   0.0492   0.0326    23.60  0    cut
 385  sn1997ef      Ic-broad   0.8461   1.69   0.0496   0.0375    75.00  0    cut
 386  PTF11rks      Ic-SL      0.6512   1.69   0.4119   0.0097    47.61  0    cut
 387  sn2010bh      Ic-broad   0.8461   1.68   0.0236   0.0372    -0.70  0    cut
 388  LSQ14mo       Ic-SL      0.8109   1.68   0.0442   0.0276    -2.20  0    cut
 389  sn2015bn      Ic-SL      0.8461   1.68   0.0617   0.0341   242.91  0    cut
 390  16coi         Ic-broad   0.8082   1.67   0.0326   0.0359    24.35  0    cut
 391  sn2013cq      Ic-broad   0.6336   1.67   0.1023   0.0333    -1.30  0    cut
 392  sn2002ap      Ic-broad   0.7013   1.67   0.0570   0.0341   148.60  0    cut
 393  sn04aw        Ic-pec     0.8461   1.66   0.0490   0.0987    24.90  0    cut
 394  sn04aw        Ic-pec     0.8394   1.66   0.0185   0.0581    31.90  0    cut
 395  PTF10qts      Ic-broad   0.7459   1.66   0.0276   0.0270    23.60  0    cut
 396  sn2006aj      Ic-broad   0.8461   1.66   0.0421   0.0399     9.00  0    cut
 397  sn2003jd      Ic-broad   0.6999   1.66   0.0549   0.0406    60.40  0    cut
 398  sn2012ap      Ic-broad   0.8001   1.65   0.0458   0.0392    -3.00  0    cut
 399  sn2007ru      Ic-broad   0.7067   1.65   0.0418   0.0439    12.96  0    cut
 400  sn2012ap      Ic-broad   0.8082   1.64   0.0499   0.0399    -1.00  0    cut
 401  PTF10qts      Ic-broad   0.8461   1.63   0.0419   0.0496    17.10  0    cut
 402  sn98bw        Ic-broad   0.8461   1.63   0.0493   0.0441    27.60  0    cut
 403  sn2015bn      Ic-SL      0.8461   1.63   0.0502   0.0376   105.51  0    cut
 404  mstar         M-star     0.8461   1.62   0.1764   0.0282     4.00  2    cut
 405  lbv2003hy     LBV        0.6999   1.62   0.0281   0.0389   -99.90  2    cut
 406  lbv03hy       LBV        0.6999   1.62   0.0281   0.0389   -99.90  2    cut
 407  PTF10vgv      Ic-broad   0.8461   1.62   0.0289   0.0417    73.20  0    cut
 408  sn2002ap      Ic-broad   0.8461   1.61   0.0499   0.0344     2.70  0    cut
 409  sn02ap        Ic-broad   0.8461   1.61   0.0497   0.0345     2.70  0    cut
 410  magneticWD    M-star     0.7676   1.61   0.0449   0.0237  -100.00  2    cut
 411  sn2002ap      Ic-broad   0.7026   1.61   0.0564   0.0346   154.60  0    cut
 412  sn98bw        Ic-broad   0.8461   1.60   0.1391   0.0466    66.10  0    cut
 413  kcSB5         Gal        0.8461   1.60   0.0294   0.0096   -99.90  2    cut
 414  sn1997ef      Ic-broad   0.6986   1.60   0.0689   0.0416   -10.00  0    cut
 415  sn97ef        Ic-broad   0.6986   1.60   0.0689   0.0416   -10.10  0    cut
 416  iPTF13ajg     Ic-SL      0.8461   1.58   0.9892   0.0173     7.70  0    cut
 417  sn97ef        Ic-broad   0.8461   1.58   0.0507   0.0327    75.00  0    cut
 418  sn98bw        Ic-broad   0.8461   1.58   0.1775   0.0465    86.90  0    cut
 419  sn2010bh      Ic-broad   0.8461   1.57   0.1666   0.0315    -3.50  0    cut
 420  DES13S2cmm    Ic-SL      0.4508   1.57   0.0097   0.0336    35.06  0    cut
 421  sn2009bb      Ic-broad   0.7730   1.57   0.0902   0.0378    -5.30  0    cut
 422  sn2003dh      Ic-broad   0.5253   1.57   0.1503   0.0378    -9.80  0    cut
 423  LSQ14bdq      Ic-SL      0.6620   1.57   0.0471   0.0293   -18.89  0    cut
 424  PTF10hgi      Ic-SL      0.8461   1.57   0.1630   0.0199    81.11  0    cut
 425  sn98bw        Ic-broad   0.8461   1.56   0.3247   0.0439    26.70  0    cut
 426  sn2015bn      Ic-SL      0.6322   1.56   0.0382   0.0459    43.55  0    cut
 427  sn98bw        Ic-broad   0.8461   1.56   0.0659   0.0440     8.70  0    cut
 428  kcSB4         Gal        0.8461   1.56   0.0293   0.0095   -99.90  2    cut
 429  sn2007bg      Ic-broad   0.7053   1.56   0.0602   0.0561     5.90  0    cut
 430  ASASSN-15lh   Ic-SL      0.7378   1.55   0.0588   0.0370    35.70  0    cut
 431  sn2015bn      Ic-SL      0.8461   1.55   0.0426   0.0386    19.31  0    cut
 432  sn1998bw      Ic-broad   0.8461   1.55   0.0660   0.0441    -8.20  0    cut
 433  sn2010bh      Ic-broad   0.8461   1.54   0.0039   0.0304     2.20  0    cut
 434  sn2005bf      NotSN      0.6864   1.54   0.1574   0.0290    24.80  0    cut
 435  sn2005bf      NotSN      0.6877   1.54   0.1588   0.0291    31.70  0    cut
 436  sn1998bw      Ic-broad   0.8461   1.54   0.0517   0.0454    10.80  0    cut
 437  PTF12dam      Ic-SL      0.7256   1.54   0.0523   0.0356   -15.80  0    cut
 438  m5            M-star     0.7608   1.54   0.0316   0.0377  -100.00  2    cut
 439  lbv2003hy     LBV        0.6796   1.53   0.0297   0.0282   -99.90  2    cut
 440  lbv03hy       LBV        0.6796   1.53   0.0297   0.0282   -99.90  2    cut
 441  sn2003lw      Ic-broad   0.6999   1.52   0.0158   0.0278    -2.00  0    cut
 442  sn2005bf      NotSN      0.6864   1.51   0.0366   0.0325    28.70  0    cut
 443  sn2005bf      NotSN      0.7541   1.50   0.0320   0.0371    27.60  0    cut
 444  sn2005bf      NotSN      0.7527   1.50   0.0350   0.0399    23.60  0    cut
 445  sn2010bh      Ic-broad   0.8461   1.50   0.0132   0.0287     0.30  0    cut
 446  sn2003jd      Ic-broad   0.7013   1.50   0.0473   0.0430    55.40  0    cut
 447  16coi         Ic-broad   0.8082   1.49   0.0717   0.0377   -13.65  0    cut
 448  sn98bw        Ic-broad   0.8461   1.49   0.1081   0.0454    11.70  0    cut
 449  sn2003jd      Ic-broad   0.6986   1.49   0.0529   0.0447    73.40  0    cut
 450  sn02ap        Ic-broad   0.8461   1.49   0.0489   0.0390     4.70  0    cut
 451  sn2002ap      Ic-broad   0.8461   1.49   0.0490   0.0389     4.70  0    cut
 452  PTF12dam      Ic-SL      0.8461   1.48   0.0541   0.0228   -14.89  0    cut
 453  PTF10bzf      Ic-broad   0.8461   1.48   0.0627   0.0444     7.00  0    cut
 454  sn2014ad      Ic-broad   0.7419   1.47   0.0806   0.0631    27.48  0    cut
 455  16coi         Ic-broad   0.8082   1.47   0.0661   0.0415   -10.65  0    cut
 456  sn2002ap      Ic-broad   0.6160   1.46   0.0714   0.0405    -5.50  0    cut
 457  sn02ap        Ic-broad   0.6160   1.46   0.0713   0.0405    -5.50  0    cut
 458  sn97ef        Ic-broad   0.7581   1.45   0.0516   0.0480    79.80  0    cut
 459  carbonstar1   C-star     0.7676   1.44   0.0480   0.0377  -100.00  2    cut
 460  sn2010ay      Ic-broad   0.8245   1.44   0.2895   0.0581    15.70  0    cut
 461  ASASSN-15lh   Ic-SL      0.6024   1.43   0.0811   0.0287    15.41  0    cut
 462  sn1997ef      Ic-broad   0.6945   1.42   0.0714   0.0472   -10.90  0    cut
 463  sn97ef        Ic-broad   0.6945   1.42   0.0714   0.0471   -11.00  0    cut
 464  sn2013dx      Ic-broad   0.8461   1.42   0.0749   0.0535    -5.00  0    cut
 465  PS1-11ap      Ic-SL      0.7121   1.41   0.0397   0.0375    78.08  0    cut
 466  mstar         M-star     0.8461   1.41   0.0258   0.0152     7.00  2    cut
 467  kcSB2         Gal        0.8461   1.40   0.0968   0.0299   -99.90  2    cut
 468  sn2003lw      Ic-broad   0.6959   1.40   0.2854   0.0538     7.10  0    cut
 469  PS1-11ap      Ic-SL      0.6661   1.39   0.1707   0.0333    -0.66  0    cut
 470  sn2015bn      Ic-SL      0.8461   1.39   0.0457   0.0428    98.33  0    cut
 471  SSS120810-23  Ic-SL      0.7987   1.37   0.0650   0.0452     7.86  0    cut
 472  sn98bw        Ic-broad   0.8461   1.36   0.3250   0.0475    25.70  0    cut
 473  m8            M-star     0.7649   1.36   0.8248   0.0062  -100.00  2    cut
 474  sn2010bh      Ic-broad   0.8461   1.35   0.0563   0.0407    -4.40  0    cut
 475  sn97ef        Ic-broad   0.6999   1.34   0.0722   0.0483   -11.90  0    cut
 476  sn2002ap      Ic-broad   0.8461   1.34   0.0622   0.0280   267.20  0    cut
 477  sn1997ef      Ic-broad   0.6999   1.34   0.0722   0.0483   -11.80  0    cut
 478  sn02ap        Ic-broad   0.8461   1.34   0.0621   0.0281   267.20  0    cut
 479  mstar         M-star     0.8461   1.34   0.0279   0.0174     5.00  2    cut
 480  sn02ap        Ic-broad   0.8461   1.34   0.0621   0.0276   332.20  0    cut
 481  sn2002ap      Ic-broad   0.8461   1.33   0.0620   0.0266   382.80  0    cut
 482  sn2002ap      Ic-broad   0.8461   1.33   0.0623   0.0273   332.10  0    cut
 483  sn2003dh      Ic-broad   0.5713   1.33   0.0951   0.0380    -7.30  0    cut
 484  sn02ap        Ic-broad   0.8461   1.32   0.0616   0.0260   382.90  0    cut
 485  sn1997ef      Ic-broad   0.6512   1.32   0.0415   0.0610    37.60  0    cut
 486  sn97ef        Ic-broad   0.6512   1.32   0.0416   0.0610    37.60  0    cut
 487  sn2010bh      Ic-broad   0.8461   1.32   0.3176   0.0392    29.50  0    cut
 488  mstar         M-star     0.8461   1.30   0.1090   0.0144     8.00  2    cut
 489  DES14X3taz    Ic-SL      0.4576   1.30   0.0444   0.0389   -19.59  0    cut
 490  kcSB1         Gal        0.8461   1.29   0.1024   0.0311   -99.90  2    cut
 491  sn98bw        Ic-broad   0.8461   1.29   0.1151   0.0538    18.70  0    cut
 492  sn02ap        Ic-broad   0.8461   1.28   0.0526   0.0382    30.50  0    cut
 493  sn2009nz      Ic-broad   0.4413   1.28   0.0535   0.0441     0.00  0    cut
 494  sn2002ap      Ic-broad   0.8461   1.28   0.0527   0.0382    30.50  0    cut
 495  PTF10cwr      Ic-SL      0.8461   1.28   0.0593   0.0418     3.82  0    cut
 496  sn2005ap      Ic-SL      0.7053   1.27   0.0304   0.0401    -1.95  0    cut
 497  sn98bw        Ic-broad   0.8461   1.27   0.1016   0.0573    12.70  0    cut
 498  sn2012ap      Ic-broad   0.7960   1.27   0.0398   0.0463    -5.00  0    cut
 499  sn2003dh      Ic-broad   0.6593   1.27   0.0598   0.0429    14.10  0    cut
 500  sn1998bw      Ic-broad   0.8461   1.26   0.0543   0.0499    16.80  0    cut
 501  sn2009bb      Ic-broad   0.7757   1.26   0.0660   0.0461     0.60  0    cut
 502  sn98bw        Ic-broad   0.8461   1.26   0.3199   0.0470    36.50  0    cut
 503  sn98bw        Ic-broad   0.8461   1.26   0.1275   0.0533    20.70  0    cut
 504  sn02ap        Ic-broad   0.7893   1.25   0.0480   0.0515    25.50  0    cut
 505  sn02ap        Ic-broad   0.7568   1.25   0.0526   0.0496    30.50  0    cut
 506  sn2009bb      Ic-broad   0.7107   1.25   0.0633   0.0443     4.50  0    cut
 507  mstar         M-star     0.8461   1.25   0.1071   0.0141     9.00  2    cut
 508  sn02ap        Ic-broad   0.8258   1.24   0.0620   0.0277   238.50  0    cut
 509  sn98bw        Ic-broad   0.8461   1.23   0.0540   0.0491    33.60  0    cut
 510  PS1-11ap      Ic-SL      0.7107   1.23   0.1818   0.0319    10.50  0    cut
 511  sn2002ap      Ic-broad   0.8258   1.23   0.0621   0.0276   238.50  0    cut
 512  sn2006aj      Ic-broad   0.7040   1.22   0.0955   0.0379    -6.20  0    cut
 513  16coi         Ic-broad   0.8082   1.21   0.0308   0.0666    62.35  0    cut
 514  L1            M-star     0.7622   1.21   0.8163   0.0197  -100.00  2    cut
 515  sn2009bb      Ic-broad   0.7784   1.20   0.0613   0.0327    27.60  0    cut
 516  sn2010bh      Ic-broad   0.8461   1.20   0.1109   0.0401     9.70  0    cut
 517  sn02ap        Ic-broad   0.6200   1.20   0.0470   0.0557     1.50  0    cut
 518  16coi         Ic-broad   0.8082   1.19   0.0640   0.0417    -8.65  0    cut
 519  sn02ap        Ic-broad   0.8461   1.19   0.0622   0.0298   182.50  0    cut
 520  16coi         Ic-broad   0.5618   1.19   0.0624   0.0175   439.35  0    cut
 521  lbv1999bw     LBV        0.6999   1.19   0.2774   0.0236   -99.90  2    cut
 522  lbv99bw       LBV        0.6999   1.19   0.2774   0.0236   -99.90  2    cut
 523  sn02ap        Ic-broad   0.7906   1.19   0.0490   0.0518    29.50  0    cut
 524  sn2002ap      Ic-broad   0.8461   1.19   0.0623   0.0296   182.50  0    cut
 525  sn2002ap      Ic-broad   0.6200   1.18   0.0465   0.0565     1.50  0    cut
 526  sn1997ef      Ic-broad   0.6972   1.18   0.0805   0.0539   -13.90  0    cut
 527  sn97ef        Ic-broad   0.6972   1.18   0.0806   0.0539   -14.00  0    cut
 528  sn2003dh      Ic-broad   0.6661   1.18   0.0644   0.0436    56.10  0    cut
 529  mstar         M-star     0.8461   1.17   0.3346   0.1141     6.00  2    cut
 530  sn02ap        Ic-broad   0.7987   1.16   0.0625   0.0330   119.70  0    cut
 531  sn2010bh      Ic-broad   0.8461   1.16   0.1537   0.0555    -2.50  0    cut
 532  sn2002ap      Ic-broad   0.7987   1.16   0.0626   0.0329   119.70  0    cut
 533  lbv2001ac     LBV        0.8461   1.16   0.1360   0.0491   -99.90  2    cut
 534  lbv01ac       LBV        0.8461   1.16   0.1360   0.0491   -99.90  2    cut
 535  LSQ14mo       Ic-SL      0.7338   1.16   0.1832   0.0346    -7.00  0    cut
 536  sn2010bh      Ic-broad   0.5036   1.15   0.1759   0.0424     5.00  0    cut
 537  sn02ap        Ic-broad   0.7541   1.15   0.0639   0.0317   148.60  0    cut
 538  sn02ap        Ic-broad   0.7459   1.14   0.0637   0.0328   154.60  0    cut
 539  PTF10cwr      Ic-SL      0.5036   1.14   0.0677   0.0659    -5.12  0    cut
 540  sn2010bh      Ic-broad   0.8299   1.14   0.0717   0.0879    -1.60  0    cut
 541  sn2010ay      Ic-broad   0.8285   1.14   0.0744   0.0494    25.50  0    cut
 542  SSS120810-23  Ic-SL      0.8042   1.13   0.0404   0.0402     7.01  0    cut
 543  PTF09cnd      Ic-SL      0.8339   1.13   0.7704   0.0288   -17.57  0    cut
 544  sn02ap        Ic-broad   0.8461   1.13   0.0623   0.0308   152.70  0    cut
 545  sn2010bh      Ic-broad   0.8461   1.13   0.3295   0.0719    14.40  0    cut
 546  sn2009bb      Ic-broad   0.8461   1.12   0.0440   0.0421    15.60  0    cut
 547  agn           AGN        0.8461   1.12   0.0923   0.0343   -99.90  2    cut
 548  sn2012ap      Ic-broad   0.8461   1.12   0.0779   0.0246   241.40  0    cut
 549  sn2002ap      Ic-broad   0.8461   1.12   0.0625   0.0308   152.70  0    cut
 550  sn2009bb      Ic-broad   0.4535   1.12   0.0504   0.0459    41.50  0    cut
 551  sn1998bw      Ic-broad   0.8394   1.09   0.0684   0.0246   373.80  0    cut
 552  sn2005da      Ic-broad   0.7189   1.07   0.0482   0.0504     3.00  1    cut
 553  iPTF13ajg     Ic-SL      0.5063   1.06   0.0540   0.0393    -8.39  0    cut
 554  sn1997ef      Ic-broad   0.6539   1.06   0.2992   0.0447    86.00  0    cut
 555  sn97ef        Ic-broad   0.6539   1.06   0.2993   0.0448    86.00  0    cut
 556  sn1998bw      Ic-broad   0.8461   1.06   0.0591   0.0509    49.80  0    cut
 557  sn2005bf      NotSN      0.7527   1.05   0.2080   0.0650    21.70  0    cut
 558  sn2006aj      Ic-broad   0.7676   1.05   0.0560   0.0484   198.26  0    cut
 559  sn2010ma      Ic-broad   0.5794   1.05   0.0679   0.0309     5.20  0    cut
 560  DES14X3taz    Ic-SL      0.4562   1.05   0.0422   0.0454   -12.75  0    cut
 561  16coi         Ic-broad   0.8096   1.04   0.0688   0.0288   142.35  0    cut
 562  PTF12dam      Ic-SL      0.5009   1.04  -0.0023   0.0338   -13.99  0    cut
 563  carbonstar2   C-star     0.7676   1.03   0.4857   0.0325  -100.00  2    cut
 564  sn02ap        Ic-broad   0.6972   1.03   0.0638   0.0257   270.30  0    cut
 565  sn2002ap      Ic-broad   0.6972   1.03   0.0639   0.0256   270.30  0    cut
 566  sn1998bw      Ic-broad   0.8421   1.03   0.0597   0.0453    61.80  0    cut
 567  PTF10vgv      Ic-broad   0.8461   1.02   0.0393   0.0811    -6.60  0    cut
 568  PTF09atu      Ic-SL      0.6661   1.02   0.0444   0.0386   -19.65  0    cut
 569  sn2002ap      Ic-broad   0.7974   1.01   0.0628   0.0300   234.10  0    cut
 570  sn02ap        Ic-broad   0.7987   1.01   0.0626   0.0295   234.10  0    cut
 571  sn2010ma      Ic-broad   0.5808   0.99   0.0339   0.0241    18.20  0    cut
 572  sn2007bg      Ic-broad   0.8461   0.98   0.0540   0.0628    59.10  0    cut
 573  lbv1999bw     LBV        0.6525   0.97   0.0547   0.0108   -99.90  2    cut
 574  lbv99bw       LBV        0.6525   0.97   0.0547   0.0108   -99.90  2    cut
 575  sn98bw        Ic-broad   0.8461   0.97   0.0599   0.0512    59.20  0    cut
 576  PTF12dam      Ic-SL      0.5090   0.97   0.0626   0.0457    13.99  0    cut
 577  sn1998bw      Ic-broad   0.8407   0.96   0.0608   0.0499    42.80  0    cut
 578  sn1997ef      Ic-broad   0.7676   0.96   0.0561   0.0429   104.80  0    cut
 579  sn97ef        Ic-broad   0.7676   0.96   0.0562   0.0429   104.80  0    cut
 580  sn2005da      Ic-broad   0.7175   0.95   0.0458   0.0610     0.00  1    cut
 581  sn2009bb      Ic-broad   0.8461   0.95   0.0423   0.0425    19.60  0    cut
 582  sn04aw        Ic-pec     0.7283   0.94   0.0627   0.0265   229.30  0    cut
 583  sn2010bh      Ic-broad   0.8461   0.93   0.6150   0.0459     5.90  0    cut
 584  sn2012ap      Ic-broad   0.6268   0.93   0.2978   0.0480   217.30  0    cut
 585  sn2009bb      Ic-broad   0.8461   0.92   0.0533   0.0573    20.60  0    cut
 586  sn2005ap      Ic-SL      0.4698   0.92   0.2067   0.0396     5.07  0    cut
 587  mstar         M-star     0.8461   0.91   0.3453   0.0279    10.00  2    cut
 588  lbv2003hy     LBV        0.6945   0.91   0.1279   0.0385   -99.90  2    cut
 589  lbv03hy       LBV        0.6945   0.91   0.1279   0.0385   -99.90  2    cut
 590  sn2012ap      Ic-broad   0.6810   0.90   0.5715   0.0634    14.00  0    cut
 591  sn98bw        Ic-broad   0.8123   0.90   0.0938   0.0676    43.40  0    cut
 592  sn2010bh      Ic-broad   0.8461   0.90  -0.0094   0.0000     7.80  0    cut
 593  kcSc          Gal        0.7730   0.90   0.1056   0.0308   -99.90  2    cut
 594  PTF10cwr      Ic-SL      0.7297   0.89   0.0637   0.0827    -4.30  0    cut
 595  PTF10qts      Ic-broad   0.8461   0.89   0.2953   0.0508   234.40  0    cut
 596  sn1998bw      Ic-broad   0.8461   0.88   0.0603   0.0450    70.80  0    cut
 597  sn2012ap      Ic-broad   0.6796   0.88   0.5125   0.0699     7.00  0    cut
 598  sn1998bw      Ic-broad   0.8461   0.87   0.2180   0.0565    19.80  0    cut
 599  sn2012ap      Ic-broad   0.6796   0.87   0.3111   0.0307   271.10  0    cut
 600  sn98bw        Ic-broad   0.8461   0.86   0.0653   0.0399   138.50  0    cut
 601  sn2010bh      Ic-broad   0.8461   0.84   0.0594   0.0089    33.30  0    cut
 602  sn2003dh      Ic-broad   0.7107   0.84   0.1412   0.0528    -9.00  0    cut
 603  lbv2001ac     LBV        0.6959   0.84   0.0549   0.0099   -99.90  2    cut
 604  lbv01ac       LBV        0.6959   0.84   0.0549   0.0099   -99.90  2    cut
 605  sn2010ma      Ic-broad   0.5104   0.84   0.2368   0.0601    -5.50  0    cut
 606  sn2003dh      Ic-broad   0.7013   0.83   0.1619   0.0535    -6.40  0    cut
 607  sn2005da      Ic-broad   0.7189   0.83   0.0451   0.0745     2.00  1    cut
 608  sn2007ru      Ic-broad   0.6918   0.81   0.0574   0.0665    58.96  0    cut
 609  sn04aw        Ic-pec     0.7324   0.81   0.0585   0.0293   253.70  0    cut
 610  sn1998bw      Ic-broad   0.7473   0.80   0.0674   0.0289   334.80  0    cut
 611  PS1-10bzj     Ic-SL      0.5375   0.80   0.0863   0.0234    15.64  0    cut
 612  sn02ap        Ic-broad   0.7459   0.79   0.0456   0.0786    26.60  0    cut
 613  sn2006oz      Ic-SL      0.6241   0.79   0.0078   0.0441    -4.72  0    cut
 614  sn2002ap      Ic-broad   0.7459   0.79   0.0457   0.0786    26.60  0    cut
 615  sn1998bw      Ic-broad   0.8461   0.79   0.0650   0.0396   122.80  0    cut
 616  sn98bw        Ic-broad   0.8461   0.75   0.0682   0.0329   212.70  0    cut
 617  PS1-10bzj     Ic-SL      0.4806   0.74   0.0843   0.0279     6.55  0    cut
 618  sn2011kf      Ic-SL      0.4481   0.74   0.0398   0.0798    51.41  0    cut
 619  sn2010bh      Ic-broad   0.8367   0.73  -0.0102   0.0431    15.40  0    cut
 620  sn1998bw      Ic-broad   0.8339   0.72   0.0610   0.0446    91.80  0    cut
 621  sn2010bh      Ic-broad   0.8461   0.70   0.3053   0.0816    11.60  0    cut
 622  sn2007ru      Ic-broad   0.4914   0.70   0.0695   0.0780   188.96  0    cut
 623  sn2007I       Ic-broad   0.7473   0.68   0.0548   0.0875    63.00  1    cut
 624  16coi         Ic-broad   0.8096   0.66   1.1263   0.0297   177.35  0    cut
 625  qso2          QSO        0.6200   0.66   0.1122   0.0340  -100.00  2    cut
 626  16coi         Ic-broad   0.8082   0.65   0.0347   0.0841    85.35  0    cut
 627  sn2010bh      Ic-broad   0.8461   0.65   0.2902   0.0526    23.90  0    cut
 628  sn1998bw      Ic-broad   0.7446   0.65   0.0686   0.0341   197.80  0    cut
 629  sn2010bh      Ic-broad   0.7663   0.62   0.3075   0.0903    17.30  0    cut
 630  sn2012ap      Ic-broad   0.7256   0.59   0.0665   0.0414   247.30  0    cut
 631  sn1998bw      Ic-broad   0.6891   0.58   0.2471   0.1321    26.80  0    cut
 632  sn2014ad      Ic-broad   0.7703   0.55  -0.0094   0.0000    27.49  0    cut
 633  sn2003dh      Ic-broad   0.6972   0.52   0.1453   0.0667    -8.10  0    cut
 634  qso           QSO        0.6810   0.49   0.0290   0.0133  -100.00  2    cut
 635  sn2014ad      Ic-broad   0.7811   0.41  -0.0094   0.0000    37.03  0    cut
