### SNID output file ###
 
### input spectrum and options ###
# Input spectrum                 : SN2020jfo_tellcorr.txt
# Parameter file                 : NA
# Wavelength range               :    3633.45  10398.49
# Mask file                      : NA
# Median filtering width [A]     : NA
# Median filtering width [pix]   :       1.00
# Clip emission redshift         : NA
# Clip sky lines                 : 0
# Emission clip width [A]        : NA
# Keep A-band                    : 1
# Age range                      :     -90.00   1000.00
# Delta range                    :      -9.99     99.90
# Min. number of spectra/template:   1
# Use only templates             : NA
# Use only types                 : NA
# Avoid templates                : NA
# Avoid types                    : Ic,Ia,Ib
# rlapmin                        :       4.00
# Redshift range                 :    -0.0100    1.2000
# Forced initial redshift        :     0.0050
# Extra fake redshift            : NA
# Nsigma for initial redshift    : NA
# Redshift filter                :     0.0200
# Wavenumbers k1,k2,k3,k4        :     1    4   85  102
# Template directory             : /Users/m1/snid-5.0/templates-2.0/
 
### initial/user-input redshift ###
zinit       0.0000
zuser       0.0050
 
### median redshift/age and error ###
zmed       -0.0094    0.0044
agem         64.10     25.78
 
### type fraction/redshift/age ###
#type ntemp fraction slope redshift redshift_error age age_error
Ia              0      0.00    0.0000    0.0000    0.0000     0.000     0.000
Ia-norm         0      0.00    0.0000    0.0000    0.0000     0.000     0.000
Ia-91T          0      0.00    0.0000    0.0000    0.0000     0.000     0.000
Ia-91bg         0      0.00    0.0000    0.0000    0.0000     0.000     0.000
Ia-csm          0      0.00    0.0000    0.0000    0.0000     0.000     0.000
Ia-pec          0      0.00    0.0000    0.0000    0.0000     0.000     0.000
Ia-99aa         0      0.00    0.0000    0.0000    0.0000     0.000     0.000
Ia-02cx         0      0.00    0.0000    0.0000    0.0000     0.000     0.000
###
Ib              0      0.00    0.0000    0.0000    0.0000     0.000     0.000
Ib-norm         0      0.00    0.0000    0.0000    0.0000     0.000     0.000
Ib-pec          0      0.00    0.0000    0.0000    0.0000     0.000     0.000
IIb             0      0.00    0.0000    0.0000    0.0000     0.000     0.000
Ibn             0      0.00    0.0000    0.0000    0.0000     0.000     0.000
###
Ic              0      0.00    0.0000    0.0000    0.0000     0.000     0.000
Ic-norm         0      0.00    0.0000    0.0000    0.0000     0.000     0.000
Ic-pec          0      0.00    0.0000    0.0000    0.0000     0.000     0.000
Ic-broad        0      0.00    0.0000    0.0000    0.0000     0.000     0.000
Ic-SL           0      0.00    0.0000    0.0000    0.0000     0.000     0.000
###
II             25      0.93    0.0000   -0.0094    0.0042    64.100    25.779
IIP            22      0.81    0.0000   -0.0094    0.0043    68.000    24.914
II-pec          0      0.00    0.0000    0.0000    0.0000     0.000     0.000
IIn             3      0.11    0.0000   -0.0043    0.0000    30.700     0.577
IIL             0      0.00    0.0000    0.0000    0.0000     0.000     0.000
###
NotSN           2      0.07    0.0000   -0.0013    0.0000     0.000     0.000
AGN             0      0.00    0.0000    0.0000    0.0000     0.000     0.000
Gal             0      0.00    0.0000    0.0000    0.0000     0.000     0.000
LBV             2      0.07    0.0000   -0.0013    0.0000     0.000     0.000
M-star          0      0.00    0.0000    0.0000    0.0000     0.000     0.000
QSO             0      0.00    0.0000    0.0000    0.0000     0.000     0.000
C-star          0      0.00    0.0000    0.0000    0.0000     0.000     0.000
 
### rlap-ordered template listings ###
#no. sn type lap rlap z zerr age age_flag grade
   1  sn1999em      IIP        0.6972   4.80  -0.0094   0.0000    87.00  0   good
   2  sn99em        IIP        0.6972   4.80  -0.0094   0.0000    86.90  0   good
   3  sn1999gi      IIP        0.6959   4.80  -0.0094   0.0000    77.60  0   good
   4  sn1999gi      IIP        0.6945   4.74  -0.0094   0.0000    81.60  0   good
   5  sn1999em      IIP        0.6972   4.68  -0.0094   0.0000    72.00  0   good
   6  sn99em        IIP        0.6972   4.68  -0.0094   0.0000    72.00  0   good
   7  sn99em        IIP        0.6972   4.66  -0.0094   0.0000    70.10  0   good
   8  sn1999em      IIP        0.6972   4.66  -0.0094   0.0000    70.10  0   good
   9  sn1999em      IIP        0.6945   4.66  -0.0094   0.0000    64.10  0   good
  10  sn99em        IIP        0.6945   4.66  -0.0094   0.0000    64.10  0   good
  11  sn99em        IIP        0.6972   4.65  -0.0094   0.0000    68.00  0   good
  12  sn1999em      IIP        0.6972   4.65  -0.0094   0.0000    68.00  0   good
  13  sn99em        IIP        0.6959   4.54  -0.0094   0.0000    60.10  0   good
  14  sn1999em      IIP        0.6959   4.54  -0.0094   0.0000    60.10  0   good
  15  sn1999em      IIP        0.6931   4.53  -0.0094   0.0000   100.90  0   good
  16  sn99em        IIP        0.6931   4.53  -0.0094   0.0000   100.90  0   good
  17  sn1999em      IIP        0.6972   4.49  -0.0094   0.0000    62.10  0   good
  18  sn99em        IIP        0.6972   4.49  -0.0094   0.0000    62.10  0   good
  19  sn2006bp      IIP        0.6959   4.42   0.0061   0.0126    -5.70  0   good
  20  lbv2003hy     LBV        0.6959   4.42  -0.0013   0.0166   -99.90  2   good
  21  lbv03hy       LBV        0.6959   4.42  -0.0013   0.0166   -99.90  2   good
  22  sn98S         IIn        0.6728   4.33  -0.0043   0.0165    30.70  0   good
  23  sn1998S       IIn        0.6728   4.33  -0.0042   0.0165    30.70  0   good
  24  sn98S         IIn        0.6823   4.26  -0.0043   0.0171    31.70  0   good
  25  sn88a         IIP        0.7026   4.13   0.0043   0.0167    17.00  0   good
  26  sn1999em      IIP        0.6972   4.00  -0.0094   0.0000    37.30  0   good
  27  sn99em        IIP        0.6972   4.00  -0.0094   0.0000    37.30  0   good
#--- rlap cutoff
  28  sn1999em      IIP        0.6959   3.95  -0.0094   0.0000    39.20  0    cut
  29  sn99em        IIP        0.6959   3.95  -0.0094   0.0000    39.20  0    cut
  30  sn1998S       IIn        0.6728   3.90  -0.0032   0.0185    31.70  0    cut
  31  lbv2003hy     LBV        0.6972   3.89   0.0007   0.0193   -99.90  2    cut
  32  lbv03hy       LBV        0.6972   3.89   0.0007   0.0193   -99.90  2    cut
  33  sn1999em      IIP        0.6959   3.75  -0.0094   0.0000   114.80  0    cut
  34  sn99em        IIP        0.6959   3.75  -0.0094   0.0000   114.80  0    cut
  35  sn1980K       IIL        0.4779   3.74   0.0181   0.0214    11.00  0    cut
  36  sn99em        IIP        0.6999   3.68  -0.0094   0.0000   119.80  0    cut
  37  sn1999em      IIP        0.6999   3.68  -0.0094   0.0000   119.80  0    cut
  38  sn1999gi      IIP        0.6877   3.64   0.0004   0.0169    -7.00  0    cut
  39  sn1987A       II-pec     0.6268   3.64  -0.0094   0.0000   -60.60  0    cut
  40  sn1999em      IIP        0.6972   3.60  -0.0094   0.0000    34.30  0    cut
  41  sn1990K       IIL        0.6065   3.50   0.0008   0.0200    53.30  1    cut
  42  lbv2003hy     LBV        0.6945   3.49  -0.0039   0.0189   -99.90  2    cut
  43  lbv03hy       LBV        0.6945   3.49  -0.0039   0.0189   -99.90  2    cut
  44  sn1998S       IIn        0.6850   3.45  -0.0034   0.0192    15.80  0    cut
  45  sn98S         IIn        0.6850   3.43  -0.0034   0.0192    15.80  0    cut
  46  lbv2003hy     LBV        0.6972   3.43  -0.0030   0.0197   -99.90  2    cut
  47  lbv03hy       LBV        0.6972   3.43  -0.0030   0.0197   -99.90  2    cut
  48  m1            M-star     0.8718   3.41   0.0036   0.0152  -100.00  2    cut
  49  sn2005cs      IIP        0.7080   3.29  -0.0094   0.0000    26.00  0    cut
  50  sn05cs        IIP        0.7080   3.29  -0.0094   0.0000    26.00  0    cut
  51  m3            M-star     0.8691   3.22   0.0042   0.0156  -100.00  2    cut
  52  sn2005bf      NotSN      0.6891   3.19  -0.0010   0.0200    -8.60  0    cut
  53  sn98S         IIn        0.6891   3.17  -0.0030   0.0215    39.70  0    cut
  54  sn1998S       IIn        0.6891   3.16  -0.0030   0.0215    39.70  0    cut
  55  sn1999gi      IIP        0.6972   3.15  -0.0066   0.0206    26.90  0    cut
  56  sn1999em      IIP        0.6959   3.15  -0.0080   0.0206    27.20  0    cut
  57  sn1999gi      IIP        0.6931   3.11  -0.0026   0.0202    18.90  0    cut
  58  sn1999em      IIP        0.6999   3.10  -0.0094   0.0000   126.80  0    cut
  59  sn99em        IIP        0.6999   3.10  -0.0094   0.0000   126.80  0    cut
  60  sn04fc        IIP        0.9666   3.09   1.1072   0.0206    88.00  0    cut
  61  sn04et        IIP        0.7080   3.08  -0.0094   0.0000    63.00  0    cut
  62  sn2004et      IIP        0.7080   3.08  -0.0094   0.0000    63.00  0    cut
  63  sn2005bf      NotSN      0.6850   3.06  -0.0014   0.0206    -6.60  0    cut
  64  sn1999gi      IIP        0.6945   3.05  -0.0065   0.0208    23.90  0    cut
  65  sn04et        IIP        0.7094   3.02  -0.0094   0.0000    64.00  0    cut
  66  sn2004et      IIP        0.7094   3.02  -0.0094   0.0000    64.00  0    cut
  67  sn2006bp      IIP        0.7026   3.02  -0.0009   0.0214    17.10  0    cut
  68  sn99em        IIP        0.8421   3.01  -0.0059   0.0218    27.20  0    cut
  69  sn1998S       IIn        0.6918   3.00  -0.0028   0.0226    40.60  0    cut
  70  sn98S         IIn        0.6918   2.99  -0.0028   0.0226    40.60  0    cut
  71  sn1999gi      IIP        0.6999   2.98  -0.0094   0.0000   129.40  0    cut
  72  sn2005cs      IIP        0.7080   2.98  -0.0094   0.0000    27.00  0    cut
  73  sn05cs        IIP        0.7080   2.98  -0.0094   0.0000    27.00  0    cut
  74  sn2005bf      NotSN      0.6891   2.96  -0.0009   0.0211    -5.60  0    cut
  75  sn2005bf      NotSN      0.6837   2.96  -0.0017   0.0202    -4.60  0    cut
  76  m5            M-star     0.8651   2.94   0.0040   0.0158  -100.00  2    cut
  77  sn99em        IIP        0.6701   2.94  -0.0094   0.0000    58.10  0    cut
  78  sn1999em      IIP        0.6701   2.94  -0.0094   0.0000    58.10  0    cut
  79  sn1987A       II-pec     0.6255   2.93  -0.0094   0.0000   -58.60  0    cut
  80  sn99em        IIP        0.8434   2.91  -0.0105   0.0221    34.30  0    cut
  81  sn1990K       IIL        0.6227   2.90   0.0223   0.0243   147.00  1    cut
  82  sn2006bp      IIP        0.7053   2.87   0.0021   0.0220    15.10  0    cut
  83  sn2004et      IIP        0.7080   2.85  -0.0094   0.0000    42.00  0    cut
  84  sn04et        IIP        0.7080   2.85  -0.0094   0.0000    42.00  0    cut
  85  sn99em        IIP        0.8272   2.83  -0.0094   0.0000   119.00  0    cut
  86  sn1999em      IIP        0.8272   2.83  -0.0094   0.0000   119.00  0    cut
  87  sn2005bf      NotSN      0.6877   2.83  -0.0020   0.0210    -0.70  0    cut
  88  sn98S         IIn        0.6904   2.83   0.0007   0.0216   -13.10  0    cut
  89  sn1998S       IIn        0.6904   2.83   0.0007   0.0216   -13.10  0    cut
  90  sn98S         IIn        0.6904   2.81  -0.0026   0.0237    43.60  0    cut
  91  sn1998S       IIn        0.6904   2.81  -0.0026   0.0237    43.60  0    cut
  92  sn2006bp      IIP        0.7053   2.81   0.0001   0.0226    16.20  0    cut
  93  sn2005bf      NotSN      0.6918   2.80  -0.0027   0.0206    -2.60  0    cut
  94  sn1987A       II-pec     0.6810   2.75   0.0001   0.0241    41.50  0    cut
  95  sn1987A       II-pec     0.6769   2.73  -0.0004   0.0240    38.50  0    cut
  96  sn1998S       IIn        0.6877   2.72  -0.0015   0.0226    13.80  0    cut
  97  sn98S         IIn        0.6877   2.72  -0.0015   0.0226    13.80  0    cut
  98  sn1987A       II-pec     0.6810   2.70   0.0017   0.0247    49.00  0    cut
  99  sn1987A       II-pec     0.6796   2.69  -0.0016   0.0241    40.50  0    cut
 100  sn04et        IIP        0.7080   2.69  -0.0115   0.0232    35.10  0    cut
 101  sn2004et      IIP        0.7080   2.68  -0.0116   0.0232    35.10  0    cut
 102  sn1987A       II-pec     0.6796   2.68  -0.0002   0.0240    42.40  0    cut
 103  sn1987A       II-pec     0.6241   2.68  -0.0098   0.0233   -57.60  0    cut
 104  sn1987A       II-pec     0.6810   2.68   0.0030   0.0223    73.40  0    cut
 105  lbv2003hy     LBV        0.6999   2.67  -0.0093   0.0237   -99.90  2    cut
 106  lbv03hy       LBV        0.6999   2.67  -0.0093   0.0237   -99.90  2    cut
 107  sn03bn        IIP        0.6498   2.66  -0.0001   0.0232    35.00  0    cut
 108  sn2005bf      NotSN      0.6864   2.66   0.0103   0.0228   -23.20  0    cut
 109  sn1987A       II-pec     0.6810   2.65  -0.0006   0.0246    39.50  0    cut
 110  sn98S         IIn        0.6904   2.64  -0.0026   0.0249    45.60  0    cut
 111  sn1998S       IIn        0.6904   2.64  -0.0025   0.0249    45.60  0    cut
 112  sn2005bf      NotSN      0.6891   2.64  -0.0072   0.0209     5.20  0    cut
 113  sn2005bf      NotSN      0.8800   2.63   0.0125   0.0244   -19.50  0    cut
 114  sn2005bf      NotSN      0.6877   2.63  -0.0040   0.0209     0.20  0    cut
 115  sn2005bf      NotSN      0.6891   2.62  -0.0085   0.0210     7.20  0    cut
 116  sn2006bp      IIP        0.7067   2.62   0.0037   0.0235    14.30  0    cut
 117  sn2005bf      NotSN      0.6891   2.61  -0.0058   0.0202     2.20  0    cut
 118  sn2005bf      NotSN      0.6891   2.61  -0.0051   0.0210     1.20  0    cut
 119  sn1987A       II-pec     0.6241   2.60  -0.0081   0.0230   -63.50  0    cut
 120  sn1987A       II-pec     0.6769   2.59  -0.0094   0.0000   -52.80  0    cut
 121  sn04et        IIP        0.7080   2.59  -0.0091   0.0240    25.00  0    cut
 122  sn2004et      IIP        0.7080   2.59  -0.0092   0.0240    25.00  0    cut
 123  sn1987A       II-pec     0.6255   2.58  -0.0093   0.0244   -59.60  0    cut
 124  sn2005bf      NotSN      0.6918   2.58  -0.0027   0.0219    -3.70  0    cut
 125  sn04et        IIP        0.7094   2.58  -0.0115   0.0239    34.10  0    cut
 126  sn2004et      IIP        0.7094   2.58  -0.0116   0.0239    34.10  0    cut
 127  sn04et        IIP        0.7080   2.58  -0.0099   0.0242    27.00  0    cut
 128  sn2004et      IIP        0.7080   2.57  -0.0100   0.0242    27.00  0    cut
 129  sn98S         IIn        0.6918   2.56  -0.0026   0.0254    46.60  0    cut
 130  sn1998S       IIn        0.6918   2.56  -0.0026   0.0254    46.60  0    cut
 131  sn04et        IIP        0.7080   2.56  -0.0091   0.0242    24.00  0    cut
 132  sn04et        IIP        0.7067   2.56  -0.0115   0.0241    33.10  0    cut
 133  sn2004et      IIP        0.7080   2.56  -0.0092   0.0242    24.00  0    cut
 134  sn2004et      IIP        0.7067   2.56  -0.0116   0.0241    33.10  0    cut
 135  sn1987A       II-pec     0.6783   2.55  -0.0077   0.0230   -64.80  0    cut
 136  sn1987A       II-pec     0.6187   2.55  -0.0094   0.0000   -44.90  0    cut
 137  sn99br        IIP        0.8773   2.54   0.0451   0.0233   104.00  0    cut
 138  sn1987A       II-pec     0.6783   2.54  -0.0090   0.0260   -21.90  0    cut
 139  sn1987A       II-pec     0.6255   2.53  -0.0085   0.0235   -62.60  0    cut
 140  sn1987A       II-pec     0.6783   2.53  -0.0095   0.0246   -58.80  0    cut
 141  sn2005bf      NotSN      0.6877   2.52  -0.0063   0.0212     4.20  0    cut
 142  sn1987A       II-pec     0.6796   2.52  -0.0094   0.0000   -50.80  0    cut
 143  sn1987A       II-pec     0.6783   2.51  -0.0094   0.0000   -51.90  0    cut
 144  sn1987A       II-pec     0.6796   2.51  -0.0094   0.0000   -54.90  0    cut
 145  sn1992H       IIP        0.4616   2.51   0.1538   0.0234    24.50  0    cut
 146  sn2006bp      IIP        0.7040   2.50  -0.0049   0.0244    20.10  0    cut
 147  sn1987A       II-pec     0.5754   2.50  -0.0094   0.0000   -38.60  0    cut
 148  sn1987A       II-pec     0.6173   2.49  -0.0094   0.0000   -45.90  0    cut
 149  sn1987A       II-pec     0.6769   2.48  -0.0086   0.0260    12.00  0    cut
 150  sn99em        IIP        0.8258   2.48   0.0040   0.0260   157.90  0    cut
 151  sn1999em      IIP        0.8258   2.48   0.0040   0.0260   157.90  0    cut
 152  lbv2003hy     LBV        0.6945   2.48   0.0029   0.0241   -99.90  2    cut
 153  lbv03hy       LBV        0.6945   2.48   0.0029   0.0241   -99.90  2    cut
 154  sn96L         IIn        0.8759   2.47   0.0209   0.0223    42.20  0    cut
 155  sn1996L       IIn        0.8759   2.47   0.0209   0.0223    42.20  0    cut
 156  sn1987A       II-pec     0.5740   2.47  -0.0094   0.0000   -36.60  0    cut
 157  sn1987A       II-pec     0.6241   2.46  -0.0062   0.0244   -64.60  0    cut
 158  sn1998S       IIn        0.6864   2.46  -0.0012   0.0248    12.70  0    cut
 159  sn98S         IIn        0.6864   2.46  -0.0013   0.0248    12.70  0    cut
 160  sn1987A       II-pec     0.6796   2.46  -0.0082   0.0268     8.00  0    cut
 161  sn2005bf      NotSN      0.6918   2.45   0.0157   0.0261   -29.10  0    cut
 162  sn1987A       II-pec     0.6160   2.45  -0.0099   0.0265   -25.90  0    cut
 163  sn1987A       II-pec     0.6187   2.45  -0.0094   0.0000   -41.90  0    cut
 164  sn1987A       II-pec     0.6769   2.44  -0.0088   0.0259    14.10  0    cut
 165  sn1987A       II-pec     0.6268   2.44  -0.0029   0.0244   -67.60  0    cut
 166  sn1987A       II-pec     0.6783   2.44  -0.0089   0.0269   -22.90  0    cut
 167  sn1987A       II-pec     0.6796   2.43  -0.0024   0.0257    36.00  0    cut
 168  sn1987A       II-pec     0.6783   2.43   0.0024   0.0221    86.40  0    cut
 169  sn1987A       II-pec     0.6796   2.41  -0.0065   0.0280    -9.90  0    cut
 170  sn1987A       II-pec     0.6783   2.41  -0.0053   0.0265    28.00  0    cut
 171  sn1987A       II-pec     0.6241   2.40  -0.0085   0.0252   -61.60  0    cut
 172  L1            M-star     0.8718   2.39   0.0062   0.0224  -100.00  2    cut
 173  sn1987A       II-pec     0.6268   2.39  -0.0042   0.0250   -66.60  0    cut
 174  sn1987A       II-pec     0.6783   2.39  -0.0078   0.0278   -24.90  0    cut
 175  sn1987A       II-pec     0.6810   2.39  -0.0085   0.0273     3.10  0    cut
 176  carbonstar2   C-star     0.8773   2.38   0.0269   0.0160  -100.00  2    cut
 177  sn1987A       II-pec     0.6783   2.38  -0.0070   0.0280    -2.00  0    cut
 178  sn1987A       II-pec     0.6810   2.37  -0.0087   0.0277   -23.90  0    cut
 179  sn1987A       II-pec     0.6769   2.37   0.0016   0.0257    63.40  0    cut
 180  sn1987A       II-pec     0.5740   2.37  -0.0094   0.0000   -33.60  0    cut
 181  sn1987A       II-pec     0.5767   2.36  -0.0094   0.0000   -26.60  0    cut
 182  sn96L         IIn        0.7947   2.36   0.0353   0.0238    58.60  0    cut
 183  sn1987A       II-pec     0.6796   2.36  -0.0067   0.0290   -20.90  0    cut
 184  sn1996L       IIn        0.7947   2.36   0.0353   0.0238    58.60  0    cut
 185  sn04et        IIP        0.7107   2.35  -0.0038   0.0250    12.10  0    cut
 186  sn1987A       II-pec     0.5740   2.35  -0.0094   0.0000   -34.60  0    cut
 187  sn1987A       II-pec     0.6173   2.35  -0.0098   0.0274   -31.80  0    cut
 188  sn1987A       II-pec     0.6783   2.35   0.0025   0.0261    65.40  0    cut
 189  sn2004et      IIP        0.7107   2.35  -0.0039   0.0250    12.00  0    cut
 190  sn1987A       II-pec     0.6241   2.35  -0.0046   0.0254   -65.60  0    cut
 191  sn1987A       II-pec     0.5740   2.34  -0.0094   0.0000   -15.70  0    cut
 192  sn1998S       IIn        0.8962   2.34   0.1589   0.0323    11.40  0    cut
 193  sn98S         IIn        0.8962   2.34   0.1589   0.0324    11.40  0    cut
 194  sn1987A       II-pec     0.6187   2.34  -0.0094   0.0000   -37.80  0    cut
 195  sn1987A       II-pec     0.6796   2.33  -0.0071   0.0288   -17.00  0    cut
 196  sn1987A       II-pec     0.6187   2.33  -0.0094   0.0000   -43.80  0    cut
 197  sn1987A       II-pec     0.5767   2.32  -0.0094   0.0000   -10.70  0    cut
 198  sn1987A       II-pec     0.6241   2.31  -0.0005   0.0253   -69.60  0    cut
 199  sn1987A       II-pec     0.5700   2.31  -0.0094   0.0000   -24.70  0    cut
 200  sn1987A       II-pec     0.6769   2.30  -0.0055   0.0282    20.00  0    cut
 201  sn1987A       II-pec     0.6173   2.29  -0.0094   0.0284   -26.90  0    cut
 202  sn1987A       II-pec     0.5727   2.29  -0.0094   0.0000   -28.70  0    cut
 203  sn1987A       II-pec     0.6255   2.28   0.0005   0.0257   -70.60  0    cut
 204  sn1987A       II-pec     0.6241   2.27  -0.0010   0.0261   -68.60  0    cut
 205  sn1987A       II-pec     0.5727   2.27  -0.0094   0.0000   -13.70  0    cut
 206  sn1987A       II-pec     0.6796   2.26   0.0032   0.0585    76.40  0    cut
 207  sn2005bf      NotSN      0.6891   2.25   0.0135   0.0262   -25.20  0    cut
 208  sn2005cs      IIP        0.8746   2.25  -0.0094   0.0000    31.70  0    cut
 209  sn1987A       II-pec     0.6783   2.25  -0.0061   0.0280    21.00  0    cut
 210  sn1992H       IIP        0.6661   2.25  -0.0082   0.0236    44.30  0    cut
 211  sn1987A       II-pec     0.6796   2.25   0.0019   0.0256    72.30  0    cut
 212  sn1987A       II-pec     0.5754   2.24  -0.0094   0.0000   -39.60  0    cut
 213  sn1987A       II-pec     0.6241   2.24   0.0020   0.0259   -71.60  0    cut
 214  mstar         M-star     1.0072   2.24   0.0949   0.0347     7.00  2    cut
 215  sn1987A       II-pec     0.6796   2.24  -0.0038   0.0292    18.00  0    cut
 216  sn1987A       II-pec     0.5740   2.23  -0.0094   0.0000    -6.70  0    cut
 217  sn2005bf      NotSN      0.6918   2.23   0.0166   0.0276   -26.20  0    cut
 218  lbv2003hy     LBV        0.6959   2.23   0.0010   0.0283   -99.90  2    cut
 219  lbv03hy       LBV        0.6959   2.23   0.0010   0.0283   -99.90  2    cut
 220  sn06bc        IIP        0.8813   2.22  -0.0233   0.0302    31.00  0    cut
 221  sn1987A       II-pec     0.6783   2.22   0.0025   0.0269    71.40  0    cut
 222  sn04et        IIP        0.7080   2.22  -0.0017   0.0257    10.00  0    cut
 223  sn1987A       II-pec     0.6769   2.22  -0.0084   0.0288    10.00  0    cut
 224  sn2006bp      IIP        0.8867   2.20   0.1271   0.0153    34.10  0    cut
 225  sn2006bp      IIP        0.8854   2.20   0.1285   0.0145    25.20  0    cut
 226  sn1987A       II-pec     0.6783   2.20   0.0034   0.0212   103.40  0    cut
 227  sn2004et      IIP        0.7080   2.19  -0.0022   0.0258    10.00  0    cut
 228  sn1987A       II-pec     0.5767   2.19  -0.0094   0.0000   -46.60  0    cut
 229  sn03bn        IIP        0.8935   2.18  -0.0094   0.0000   100.00  0    cut
 230  sn07oc        IIP        0.8773   2.18   0.0074   0.0248    21.00  0    cut
 231  sn1987A       II-pec     0.5754   2.18  -0.0094   0.0000   -42.60  0    cut
 232  sn2006bp      IIP        0.8786   2.17   1.1255   0.0260    64.90  0    cut
 233  sn07oc        IIP        0.8773   2.17   0.0062   0.0247    27.00  0    cut
 234  sn1987A       II-pec     1.0072   2.17   1.0100   0.0242   701.70  0    cut
 235  sn06iw        IIP        0.8840   2.17  -0.0094   0.0000    77.00  0    cut
 236  sn04er        IIP        0.9585   2.16   1.1183   0.0273   110.00  0    cut
 237  sn1987A       II-pec     0.5754   2.16  -0.0094   0.0000   -53.60  0    cut
 238  m8            M-star     0.8732   2.16  -0.0056   0.0231  -100.00  2    cut
 239  sn1987A       II-pec     0.6783   2.14   0.0028   0.0270    75.40  0    cut
 240  sn06Y         IIP        0.8786   2.13   0.0128   0.0257    36.00  0    cut
 241  sn1987A       II-pec     0.5754   2.13  -0.0094   0.0000   -44.60  0    cut
 242  sn1987A       II-pec     0.5740   2.13  -0.0094   0.0000   -37.60  0    cut
 243  sn05dz        IIP        0.9260   2.13   1.1754   0.0236    42.00  0    cut
 244  sn1987A       II-pec     0.6173   2.10  -0.0009   0.0265   -70.80  0    cut
 245  sn2004et      IIP        0.8272   2.09   0.2622   0.0274   411.50  0    cut
 246  sn04et        IIP        0.8272   2.09   0.2623   0.0274   411.50  0    cut
 247  sn03iq        IIP        0.8949   2.09   0.0100   0.0256    29.00  0    cut
 248  sn1979C       IIL        0.5402   2.09   0.0005   0.0257    42.80  0    cut
 249  sn1987A       II-pec     0.5754   2.09  -0.0094   0.0000   -40.70  0    cut
 250  sn1987A       II-pec     0.5740   2.08  -0.0094   0.0000   -31.60  0    cut
 251  sn2005bf      NotSN      0.8678   2.08   0.0149   0.0298   -23.30  0    cut
 252  sn1987A       II-pec     0.6173   2.08  -0.0004   0.0274   -69.80  0    cut
 253  sn1987A       II-pec     0.6796   2.08   0.0022   0.0237    96.40  0    cut
 254  sn1987A       II-pec     0.5754   2.08  -0.0094   0.0000   -50.60  0    cut
 255  sn1987A       II-pec     0.6810   2.08   0.0022   0.0244    95.40  0    cut
 256  sn05cs        IIP        0.7053   2.07   0.0068   0.0269    10.00  0    cut
 257  sn2005cs      IIP        0.7053   2.07   0.0068   0.0269    10.00  0    cut
 258  sn07oc        IIP        0.9111   2.07   1.1269   0.0357    64.00  0    cut
 259  sn04fc        IIP        0.8976   2.07  -0.0094   0.0000    65.00  0    cut
 260  sn1987A       II-pec     0.5754   2.07  -0.0094   0.0000   -51.60  0    cut
 261  sn06ee        IIP        0.8813   2.06  -0.0094   0.0000    94.00  0    cut
 262  sn99br        IIP        0.9355   2.06   0.0067   0.0122    15.00  0    cut
 263  sn1987A       II-pec     0.5740   2.06  -0.0094   0.0000   -41.60  0    cut
 264  sn1987A       II-pec     0.6796   2.06   0.0025   0.0246    94.30  0    cut
 265  sn1999em      IIP        0.9043   2.05   0.1225   0.0177    32.50  0    cut
 266  sn99em        IIP        0.9043   2.05   0.1225   0.0177    32.50  0    cut
 267  sn1987A       II-pec     0.6255   2.04   0.0037   0.0281   -72.60  0    cut
 268  sn1987A       II-pec     0.5713   2.04  -0.0094   0.0000     3.30  0    cut
 269  sn03bn        IIP        0.8935   2.04  -0.0088   0.0291    70.00  0    cut
 270  sn1987A       II-pec     0.5754   2.04  -0.0094   0.0000   -45.70  0    cut
 271  sn1987A       II-pec     0.5754   2.03  -0.0094   0.0000   -48.60  0    cut
 272  sn09au        IIP        0.8732   2.02   0.0006   0.0294    21.00  0    cut
 273  sn1987A       II-pec     0.6810   2.02  -0.0004   0.0289    56.00  0    cut
 274  sn99em        IIP        0.7189   2.01  -0.0105   0.0244    35.30  0    cut
 275  sn07oc        IIP        0.8800   2.00   0.0046   0.0274    49.00  0    cut
 276  sn1999gi      IIP        0.6999   1.99  -0.0094   0.0000   144.40  0    cut
 277  sn07oc        IIP        0.8759   1.98   0.0043   0.0269    55.00  0    cut
 278  sn1987A       II-pec     1.0072   1.98   0.2470   0.0283   628.80  0    cut
 279  sn1987A       II-pec     0.6796   1.98   0.0021   0.0262    90.40  0    cut
 280  sn06ee        IIP        0.8773   1.98  -0.0115   0.0302    58.00  0    cut
 281  sn03bn        IIP        0.8570   1.97   0.0066   0.0254    45.00  0    cut
 282  sn1987A       II-pec     0.5754   1.97  -0.0094   0.0000   -43.60  0    cut
 283  sn03bn        IIP        0.8908   1.96  -0.0031   0.0302   103.00  0    cut
 284  sn1987A       II-pec     0.5740   1.96  -0.0094   0.0000   -52.60  0    cut
 285  sn1987A       II-pec     0.6783   1.96   0.0025   0.0243    99.40  0    cut
 286  sn1987A       II-pec     0.5740   1.95  -0.0094   0.0000   -49.60  0    cut
 287  sn1990K       IIL        0.8529   1.95   0.2563   0.0300   202.50  1    cut
 288  sn07il        IIP        0.8827   1.95  -0.0094   0.0000    95.00  0    cut
 289  sn1987A       II-pec     0.5754   1.95  -0.0094   0.0000   -47.60  0    cut
 290  sn2005cs      IIP        0.9747   1.95   0.1461   0.0368    56.70  0    cut
 291  sn06ee        IIP        0.9165   1.95   1.1154   0.0388    81.00  0    cut
 292  sn2005cs      IIP        0.7067   1.94   0.0072   0.0270     9.00  0    cut
 293  sn05cs        IIP        0.7067   1.94   0.0072   0.0271     9.00  0    cut
 294  sn2006bp      IIP        0.8867   1.93   0.1263   0.0173    49.00  0    cut
 295  sn99em        IIP        1.0072   1.93   0.1286   0.0208    16.10  0    cut
 296  sn1999em      IIP        1.0072   1.93   0.1286   0.0208    16.10  0    cut
 297  lbv2001ac     LBV        0.8827   1.93   0.1270   0.0187   -99.90  2    cut
 298  lbv01ac       LBV        0.8827   1.93   0.1270   0.0187   -99.90  2    cut
 299  sn04fc        IIP        0.8759   1.92   0.0049   0.0263    33.00  0    cut
 300  sn2006bp      IIP        0.6593   1.92   0.0013   0.0221    -4.60  0    cut
 301  mstar         M-star     1.0072   1.92   0.3136   0.0140     5.00  2    cut
 302  sn06ee        IIP        0.9179   1.91   1.1188   0.0402    52.00  0    cut
 303  sn09au        IIP        0.8732   1.91   0.0032   0.0339    22.00  0    cut
 304  sn09ao        IIP        0.8786   1.91   0.0051   0.0252    34.00  0    cut
 305  sn1987A       II-pec     0.6268   1.91   0.0042   0.0295   -73.50  0    cut
 306  sn2005bf      NotSN      0.6904   1.91   0.0156   0.0307   -27.20  0    cut
 307  sn99br        IIP        1.0072   1.90   0.1316   0.0304    41.00  0    cut
 308  sn2005bf      NotSN      0.6864   1.90  -0.0094   0.0000    28.70  0    cut
 309  sn2005cs      IIP        1.0072   1.89   0.0022   0.0087    -0.20  0    cut
 310  sn1987A       II-pec     1.0072   1.89   0.2555   0.0312   316.00  0    cut
 311  sn2005bf      NotSN      0.7527   1.89   0.1689   0.0328    23.60  0    cut
 312  mstar         M-star     1.0072   1.88   0.8213   0.0271     0.00  2    cut
 313  sn1980K       IIL        0.4725   1.88   0.0107   0.0341    12.00  0    cut
 314  sn2005cs      IIP        1.0059   1.88   0.3542   0.0236     0.80  0    cut
 315  sn06iw        IIP        0.8800   1.87   0.0054   0.0270    45.00  0    cut
 316  sn04fx        IIP        0.8935   1.87   0.0064   0.0289    55.00  0    cut
 317  sn1987A       II-pec     1.0072   1.87   0.3505   0.0233   113.60  0    cut
 318  sn2004et      IIP        0.8177   1.86   0.2614   0.0311   374.60  0    cut
 319  sn04et        IIP        0.8177   1.86   0.2615   0.0310   374.60  0    cut
 320  sn2005cs      IIP        0.7635   1.86   0.0066   0.0286     9.70  0    cut
 321  sn04et        IIP        0.9274   1.86   0.0028   0.0304    19.50  0    cut
 322  sn2005bf      NotSN      0.6065   1.86   0.0044   0.0330    -1.90  0    cut
 323  sn06ee        IIP        0.8813   1.86  -0.0055   0.0305    42.00  0    cut
 324  sn1987A       II-pec     0.5740   1.86  -0.0094   0.0000    13.30  0    cut
 325  sn2004et      IIP        0.9274   1.85   0.0030   0.0304    19.50  0    cut
 326  sn04fc        IIP        0.8813   1.85   0.0000   0.0295    50.00  0    cut
 327  sn06ee        IIP        0.8800   1.85  -0.0064   0.0306    45.00  0    cut
 328  sn08in        IIP        0.8746   1.85  -0.0094   0.0000    62.00  0    cut
 329  sn1987A       II-pec     0.5496   1.85  -0.0094   0.0000   -22.70  0    cut
 330  sn03bn        IIP        0.8908   1.84   0.0084   0.0264    42.00  0    cut
 331  sn04er        IIP        0.8840   1.84   0.0053   0.0306    72.00  0    cut
 332  sn06Y         IIP        0.8732   1.83   0.0115   0.0303    33.00  0    cut
 333  mstar         M-star     1.0072   1.83   0.0841   0.0299     8.00  2    cut
 334  sn2004et      IIP        0.8989   1.83  -0.0094   0.0000    70.50  0    cut
 335  sn09ao        IIP        0.8773   1.83   0.0073   0.0244    28.00  0    cut
 336  sn04et        IIP        0.8989   1.83  -0.0094   0.0000    70.40  0    cut
 337  sn1997cy      IIn        0.9490   1.83   1.1573   0.0330    71.30  1    cut
 338  sn04fx        IIP        0.9639   1.82   0.1276   0.0246    78.00  0    cut
 339  sn1999em      IIP        1.0072   1.82   0.1224   0.0306    71.20  0    cut
 340  sn99em        IIP        1.0072   1.82   0.1224   0.0306    71.20  0    cut
 341  sn90e         IIP        0.9084   1.82   0.0101   0.0262    19.00  0    cut
 342  sn1990K       IIL        0.6390   1.82  -0.0094   0.0000     0.00  1    cut
 343  sn2005cs      IIP        0.9856   1.81   0.1401   0.0378    39.70  0    cut
 344  sn1987A       II-pec     1.0072   1.81   0.2558   0.0320   255.20  0    cut
 345  mstar         M-star     1.0072   1.80   0.0797   0.0271     9.00  2    cut
 346  sn04et        IIP        0.8867   1.80   0.2582   0.0335   297.70  0    cut
 347  sn99br        IIP        0.9842   1.80   0.0045   0.0227    33.00  0    cut
 348  sn2004et      IIP        0.8867   1.79   0.2581   0.0335   297.70  0    cut
 349  sn1987A       II-pec     0.5483   1.79  -0.0094   0.0000   -18.60  0    cut
 350  sn99em        IIP        0.4941   1.79   0.0006   0.0293   153.90  0    cut
 351  kcSB3         Gal        1.0072   1.79   0.3576   0.0229   -99.90  2    cut
 352  sn04dj        IIP        0.5943   1.79  -0.0037   0.0281    48.00  1    cut
 353  sn2004dj      IIP        0.5943   1.79  -0.0037   0.0281    48.00  1    cut
 354  sn1987A       II-pec     1.0072   1.79   0.2531   0.0311   504.20  0    cut
 355  sn1987A       II-pec     1.0072   1.79   0.2566   0.0319   339.00  0    cut
 356  mstar         M-star     1.0072   1.78   0.8160   0.0259     1.00  2    cut
 357  sn99em        IIP        0.9991   1.78   0.3660   0.0245    -3.70  0    cut
 358  sn1999em      IIP        0.9991   1.78   0.3660   0.0245    -3.70  0    cut
 359  sn04et        IIP        0.9260   1.78   0.0071   0.0304    14.50  0    cut
 360  sn04er        IIP        0.8908   1.78   0.0048   0.0280    63.00  0    cut
 361  sn2004et      IIP        0.9260   1.78   0.0071   0.0305    14.50  0    cut
 362  lbv2003hy     LBV        0.6931   1.78   0.0029   0.0284   -99.90  2    cut
 363  lbv03hy       LBV        0.6931   1.78   0.0029   0.0284   -99.90  2    cut
 364  sn2005cs      IIP        1.0072   1.77   0.3515   0.0170   272.50  0    cut
 365  sn04er        IIP        0.8894   1.77   0.0094   0.0299    31.00  0    cut
 366  sn1990K       IIL        0.8515   1.77   0.2544   0.0320   174.70  1    cut
 367  sn1987A       II-pec     0.6810   1.77   0.0042   0.0222   151.30  0    cut
 368  sn1999em      IIP        0.6972   1.77   0.0057   0.0279     9.40  0    cut
 369  sn1987A       II-pec     0.5781   1.76   0.1703   0.0335    46.70  0    cut
 370  sn06Y         IIP        0.8746   1.76   0.0135   0.0293    27.00  0    cut
 371  sn05cs        IIP        0.7080   1.76   0.0074   0.0270     8.00  0    cut
 372  sn2005cs      IIP        0.7080   1.76   0.0074   0.0269     8.00  0    cut
 373  sn06bc        IIP        0.8786   1.75   0.0039   0.0094     9.00  0    cut
 374  sn1987A       II-pec     0.6837   1.75   0.0040   0.0218   148.10  0    cut
 375  sn99br        IIP        1.0072   1.75   0.0031   0.0155    25.00  0    cut
 376  sn2005bf      NotSN      0.7541   1.75  -0.0098   0.0370    27.60  0    cut
 377  sn2005bf      NotSN      0.9206   1.75  -0.0022   0.0260     2.40  0    cut
 378  sn09ao        IIP        0.9558   1.75  -0.0094   0.0000    54.00  0    cut
 379  sn1987A       II-pec     0.6783   1.75   0.0020   0.0307    74.30  0    cut
 380  sn04er        IIP        0.8922   1.74  -0.0029   0.0313    87.00  0    cut
 381  sn98S         IIn        0.6837   1.74  -0.0001   0.0315     9.70  0    cut
 382  sn1998S       IIn        0.6837   1.74  -0.0001   0.0315     9.70  0    cut
 383  sn08in        IIP        0.8759   1.74  -0.0094   0.0000    94.00  0    cut
 384  sn06it        IIP        0.9165   1.74   1.1275   0.0431    36.00  0    cut
 385  sn1987A       II-pec     0.5781   1.73   0.1690   0.0343    29.30  0    cut
 386  sn1987A       II-pec     0.6823   1.73   0.0051   0.0228   169.00  0    cut
 387  sn1987A       II-pec     1.0072   1.73   0.2561   0.0321   413.40  0    cut
 388  sn99em        IIP        1.0072   1.73   0.3414   0.0370    11.10  0    cut
 389  sn1999em      IIP        1.0072   1.73   0.3414   0.0371    11.10  0    cut
 390  sn1987A       II-pec     0.5781   1.72   0.1690   0.0340    44.20  0    cut
 391  kcSB1         Gal        1.0059   1.72   0.4059   0.0058   -99.90  2    cut
 392  sn09ao        IIP        0.9260   1.72  -0.0094   0.0000    62.00  0    cut
 393  sn04et        IIP        0.9016   1.72  -0.0108   0.0321    57.50  0    cut
 394  sn04er        IIP        0.9517   1.72   1.1271   0.0308    85.00  0    cut
 395  sn2004et      IIP        0.9030   1.71  -0.0110   0.0322    57.50  0    cut
 396  sn1987A       II-pec     1.0072   1.71   0.2564   0.0323   429.40  0    cut
 397  sn08in        IIP        0.9571   1.70  -0.0094   0.0000   119.00  0    cut
 398  sn04fc        IIP        0.8759   1.70  -0.0076   0.0319    59.00  0    cut
 399  sn1987A       II-pec     0.5334   1.70   0.0707   0.0328   634.90  0    cut
 400  sn03bn        IIP        0.8867   1.70   0.0015   0.0322    95.00  0    cut
 401  sn1987A       II-pec     1.0072   1.70   0.2564   0.0317   441.30  0    cut
 402  sn99br        IIP        1.0072   1.70   1.1801   0.0267    43.00  0    cut
 403  sn1980K       IIL        0.5293   1.70   0.1471   0.0412    66.00  0    cut
 404  sn04er        IIP        0.8827   1.70   0.0042   0.0323    81.00  0    cut
 405  sn04er        IIP        0.8827   1.69   1.1223   0.0328    77.00  0    cut
 406  sn1987A       II-pec     0.5781   1.69   0.1682   0.0353    25.30  0    cut
 407  sn2005bf      NotSN      0.7527   1.69  -0.0094   0.0000    21.70  0    cut
 408  sn08in        IIP        0.8759   1.68  -0.0094   0.0000    99.00  0    cut
 409  sn03iq        IIP        0.8881   1.68   0.0063   0.0294    47.00  0    cut
 410  sn04er        IIP        0.8800   1.68   0.0066   0.0302    55.00  0    cut
 411  sn04et        IIP        0.8786   1.68  -0.0016   0.0331    96.50  0    cut
 412  sn2004et      IIP        0.8786   1.68  -0.0017   0.0331    96.50  0    cut
 413  sn09au        IIP        0.9246   1.68  -0.0094   0.0000    55.00  0    cut
 414  sn1997cy      IIn        0.9504   1.68   1.1606   0.0316   116.80  1    cut
 415  sn2004et      IIP        0.8055   1.67   0.2607   0.0339   384.50  0    cut
 416  sn04et        IIP        0.8055   1.67   0.2607   0.0338   384.50  0    cut
 417  sn2005cs      IIP        0.9260   1.67   0.0069   0.0305    12.70  0    cut
 418  lbv2003hy     LBV        0.6959   1.66   0.0039   0.0335   -99.90  2    cut
 419  lbv03hy       LBV        0.6959   1.66   0.0039   0.0335   -99.90  2    cut
 420  kcSb          Gal        1.0059   1.66   0.1252   0.0310   -99.90  2    cut
 421  sn1980K       IIL        0.5280   1.66   0.0101   0.0291     7.00  0    cut
 422  sn05cs        IIP        0.7053   1.65   0.0068   0.0201     7.10  0    cut
 423  sn2005cs      IIP        0.7053   1.65   0.0068   0.0201     7.10  0    cut
 424  sn1987A       II-pec     0.6810   1.65   0.0044   0.0229   158.20  0    cut
 425  sn2005bf      NotSN      0.8705   1.65   0.0191   0.0358   -26.30  0    cut
 426  sn09au        IIP        0.9206   1.64  -0.0094   0.0000    41.00  0    cut
 427  sn04fx        IIP        0.8827   1.64   0.0068   0.0182    40.00  0    cut
 428  sn08in        IIP        0.9206   1.64  -0.0094   0.0000    45.00  0    cut
 429  sn1987A       II-pec     0.5740   1.63   0.1691   0.0379   -16.70  0    cut
 430  mstar         M-star     1.0072   1.63   0.5909   0.0262     6.00  2    cut
 431  mstar         M-star     1.0072   1.63   0.0782   0.0282    10.00  2    cut
 432  sn03bn        IIP        0.8935   1.63   0.1245   0.0315   126.00  0    cut
 433  sn90e         IIP        0.7487   1.62   0.1687   0.0245   140.00  0    cut
 434  sn1987A       II-pec     0.6796   1.62   0.0042   0.0226   161.10  0    cut
 435  sn2004dj      IIP        0.5943   1.62  -0.0034   0.0297    46.80  1    cut
 436  sn04dj        IIP        0.5943   1.62  -0.0034   0.0297    46.80  1    cut
 437  sn1990K       IIL        0.9192   1.62  -0.0094   0.0000   160.90  1    cut
 438  sn08in        IIP        0.9192   1.61  -0.0094   0.0000   113.00  0    cut
 439  kcSB5         Gal        1.0045   1.61   0.3558   0.0325   -99.90  2    cut
 440  sn2004dj      IIP        0.5672   1.60  -0.0013   0.0320    20.00  1    cut
 441  sn04dj        IIP        0.5672   1.60  -0.0013   0.0320    20.00  1    cut
 442  sn1987A       II-pec     0.6823   1.60   0.0041   0.0215   155.20  0    cut
 443  sn1987A       II-pec     0.5781   1.59   0.1678   0.0377    11.30  0    cut
 444  sn1996L       IIn        0.8028   1.59   0.2512   0.0265   322.80  0    cut
 445  sn1996L       IIn        0.8028   1.59   0.2512   0.0265   323.80  0    cut
 446  sn96L         IIn        0.8028   1.59   0.2512   0.0265   322.80  0    cut
 447  sn96L         IIn        0.8028   1.59   0.2512   0.0265   323.80  0    cut
 448  sn1998S       IIn        0.9233   1.58   0.2500   0.0299    81.20  0    cut
 449  sn98S         IIn        0.9233   1.58   0.2500   0.0299    81.20  0    cut
 450  kcSa          Gal        0.9950   1.58  -0.0032   0.0259   -99.90  2    cut
 451  sn2005cs      IIP        0.5226   1.58  -0.0094   0.0000    -1.20  0    cut
 452  sn1992H       IIP        0.6458   1.58   0.2572   0.0335   309.80  0    cut
 453  sn2004dj      IIP        0.5713   1.58  -0.0000   0.0316    36.00  1    cut
 454  sn04dj        IIP        0.5713   1.58  -0.0000   0.0316    36.00  1    cut
 455  sn04dj        IIP        0.5916   1.58  -0.0036   0.0289    51.90  1    cut
 456  sn2004dj      IIP        0.5916   1.57  -0.0036   0.0289    51.90  1    cut
 457  sn03iq        IIP        0.8908   1.57   0.0059   0.0340    77.00  0    cut
 458  mstar         M-star     1.0072   1.57   0.3138   0.0150     4.00  2    cut
 459  kcSB6         Gal        1.0045   1.57   0.3560   0.0317   -99.90  2    cut
 460  sn09au        IIP        0.9558   1.56   0.7715   0.0261    77.00  0    cut
 461  sn08il        IIP        0.8800   1.56   0.0038   0.0326    63.00  0    cut
 462  sn2004dj      IIP        0.5943   1.56  -0.0035   0.0304    50.00  1    cut
 463  sn04dj        IIP        0.5943   1.56  -0.0035   0.0304    50.00  1    cut
 464  sn1987A       II-pec     0.5754   1.55  -0.0094   0.0000    41.30  0    cut
 465  sn07il        IIP        0.9531   1.55   0.8176   0.0265    12.00  0    cut
 466  sn07il        IIP        0.8786   1.55   0.0034   0.0335    66.00  0    cut
 467  sn04fx        IIP        0.8840   1.55   0.0054   0.0325   102.00  0    cut
 468  sn2004dj      IIP        0.5727   1.55  -0.0002   0.0327    18.00  1    cut
 469  sn04dj        IIP        0.5727   1.55  -0.0002   0.0327    18.00  1    cut
 470  sn2005cs      IIP        0.7148   1.54   0.0032   0.0237   172.70  0    cut
 471  sn1987A       II-pec     0.6810   1.54   0.0044   0.0235   178.20  0    cut
 472  sn03bn        IIP        0.8908   1.54   0.0099   0.0288    39.00  0    cut
 473  sn04fx        IIP        0.9558   1.54   0.0025   0.0351    53.00  0    cut
 474  sn04fc        IIP        0.9626   1.53   0.7722   0.0365    63.00  0    cut
 475  sn1999em      IIP        0.4928   1.53  -0.0094   0.0000    35.30  0    cut
 476  sn1987A       II-pec     0.6024   1.53   0.0008   0.0324   -71.80  0    cut
 477  sn1987A       II-pec     0.6038   1.53   0.0036   0.0332   -72.80  0    cut
 478  sn04et        IIP        0.7121   1.53   0.0054   0.0312     6.20  0    cut
 479  sn2004et      IIP        0.7121   1.53   0.0053   0.0312     6.20  0    cut
 480  sn05dz        IIP        0.8786   1.52   0.0036   0.0341   106.00  0    cut
 481  sn06Y         IIP        0.8786   1.52   0.0080   0.0302    50.00  0    cut
 482  sn1999em      IIP        1.0072   1.52   0.3519   0.0227   307.80  0    cut
 483  sn99em        IIP        1.0072   1.52   0.3519   0.0227   307.80  0    cut
 484  sn1987A       II-pec     0.5700   1.52  -0.0094   0.0000    45.70  0    cut
 485  sn04et        IIP        0.9246   1.51  -0.0121   0.0350    39.50  0    cut
 486  sn1998S       IIn        0.6945   1.51   0.0039   0.0347    58.50  0    cut
 487  sn98S         IIn        0.6945   1.51   0.0039   0.0347    58.50  0    cut
 488  sn04et        IIP        0.9246   1.51  -0.0014   0.0347    24.60  0    cut
 489  sn2004et      IIP        0.9246   1.51  -0.0015   0.0347    24.60  0    cut
 490  sn99em        IIP        0.8434   1.51   0.0078   0.0313     9.40  0    cut
 491  sn2004et      IIP        0.9260   1.50  -0.0122   0.0352    39.50  0    cut
 492  mstar         M-star     1.0072   1.50   0.8082   0.0257     2.00  2    cut
 493  sn2004et      IIP        0.9260   1.50   0.1347   0.0287    34.50  0    cut
 494  sn04et        IIP        0.9260   1.50   0.1313   0.0316    47.40  0    cut
 495  sn2004et      IIP        0.9260   1.50   0.1315   0.0319    47.40  0    cut
 496  sn99br        IIP        0.9883   1.50   0.0047   0.0141    18.00  0    cut
 497  sn04et        IIP        0.9246   1.49   0.1347   0.0289    34.50  0    cut
 498  sn2005cs      IIP        0.9571   1.49   0.0069   0.0205     9.80  0    cut
 499  sn1987A       II-pec     0.6796   1.49   0.0044   0.0218   176.10  0    cut
 500  sn1987A       II-pec     0.5754   1.49   0.1624   0.0367    31.20  0    cut
 501  sn04et        IIP        0.9246   1.48   0.0007   0.0349    22.60  0    cut
 502  sn2004et      IIP        0.9246   1.48   0.0006   0.0349    22.60  0    cut
 503  sn99em        IIP        1.0072   1.47   0.3535   0.0391     0.20  0    cut
 504  sn1999em      IIP        1.0072   1.47   0.3535   0.0391     0.20  0    cut
 505  sn1987A       II-pec     0.5781   1.47   0.1540   0.0394    23.20  0    cut
 506  sn04fx        IIP        0.8962   1.47   0.0082   0.0181    31.00  0    cut
 507  kcSB4         Gal        1.0045   1.47   0.3543   0.0369   -99.90  2    cut
 508  sn1996L       IIn        0.8245   1.46   0.0012   0.0319    58.10  0    cut
 509  sn2004et      IIP        0.6593   1.46   0.0037   0.0213   211.40  0    cut
 510  sn1992H       IIP        0.6552   1.46   0.2562   0.0360   265.10  0    cut
 511  sn07il        IIP        0.9504   1.46   0.0107   0.0353    40.00  0    cut
 512  sn04et        IIP        0.6593   1.46   0.0038   0.0213   211.30  0    cut
 513  sn04dj        IIP        0.5740   1.45   0.0002   0.0334    17.00  1    cut
 514  sn2004dj      IIP        0.5740   1.45   0.0002   0.0334    17.00  1    cut
 515  sn04fx        IIP        0.8813   1.45   0.0074   0.0256    45.00  0    cut
 516  sn1987A       II-pec     0.5754   1.45   0.1642   0.0385    20.30  0    cut
 517  sn03bn        IIP        0.8881   1.45   0.0136   0.0286    16.00  0    cut
 518  sn1987A       II-pec     0.5781   1.45   0.1559   0.0362    33.20  0    cut
 519  carbonstar3   C-star     0.8759   1.45   0.0537   0.0596  -100.00  2    cut
 520  sn2005cs      IIP        0.6200   1.45   0.2416   0.0332     4.20  0    cut
 521  sn1987A       II-pec     0.6336   1.45   0.0057   0.0348   -75.60  0    cut
 522  sn09au        IIP        0.8732   1.45  -0.0002   0.0344    27.00  0    cut
 523  sn1987A       II-pec     0.5767   1.44   0.1657   0.0401    -4.70  0    cut
 524  sn1987A       II-pec     0.6796   1.43   0.0045   0.0225   181.10  0    cut
 525  sn1987A       II-pec     0.5740   1.43   0.1541   0.0373    27.20  0    cut
 526  sn1987A       II-pec     0.5754   1.42   0.1556   0.0367    39.30  0    cut
 527  sn1987A       II-pec     0.6810   1.42   0.0050   0.0235   187.20  0    cut
 528  sn1987A       II-pec     0.6566   1.42   0.0042   0.0347   -74.80  0    cut
 529  sn2005bf      NotSN      0.6864   1.41  -0.0094   0.0000    24.80  0    cut
 530  sn2005cs      IIP        0.9693   1.41   0.1248   0.0406    29.80  0    cut
 531  sn03bn        IIP        0.8894   1.41   0.0080   0.0261    12.00  0    cut
 532  sn1987A       II-pec     0.6810   1.41   0.0051   0.0240   193.10  0    cut
 533  sn09ao        IIP        0.9666   1.41   0.0005   0.0378    49.00  0    cut
 534  sn04fx        IIP        0.8827   1.40   0.0061   0.0180   110.00  0    cut
 535  sn1987A       II-pec     0.6810   1.40   0.0045   0.0226   182.10  0    cut
 536  sn96L         IIn        0.8624   1.40   0.0023   0.0322    58.10  0    cut
 537  sn1990K       IIL        0.7094   1.40   0.2446   0.0314    50.50  1    cut
 538  sn03iq        IIP        0.8908   1.39   0.0038   0.0357    70.00  0    cut
 539  sn04et        IIP        0.8651   1.39   0.0061   0.0384   195.80  0    cut
 540  sn2004et      IIP        0.8664   1.39   0.0061   0.0386   195.80  0    cut
 541  sn2004et      IIP        0.9260   1.39   0.0095   0.0331     8.60  0    cut
 542  sn04et        IIP        0.9260   1.38   0.0096   0.0331     8.60  0    cut
 543  sn2005cs      IIP        0.4874   1.38   0.0030   0.0226   265.50  0    cut
 544  sn2006bp      IIP        0.8773   1.38   0.3572   0.0228   330.00  0    cut
 545  sn2005bf      NotSN      0.6918   1.38  -0.0094   0.0000    21.80  0    cut
 546  sn1987A       II-pec     0.5740   1.38   0.1643   0.0410     1.30  0    cut
 547  sn1992H       IIP        0.6674   1.38   0.0819   0.0223   112.90  0    cut
 548  sn06Y         IIP        0.8786   1.38   0.0064   0.0352    51.00  0    cut
 549  sn1987A       II-pec     0.5740   1.38   0.1640   0.0417    -8.70  0    cut
 550  sn2004dj      IIP        0.5524   1.38   0.0009   0.0345     8.00  1    cut
 551  sn04dj        IIP        0.5524   1.38   0.0009   0.0345     8.00  1    cut
 552  sn98S         IIn        0.5808   1.37   0.1666   0.0275     1.90  0    cut
 553  sn1998S       IIn        0.6972   1.37   0.0049   0.0356    60.50  0    cut
 554  sn1998S       IIn        0.5808   1.37   0.1665   0.0275     1.90  0    cut
 555  sn98S         IIn        0.6959   1.37   0.0049   0.0357    60.50  0    cut
 556  kcSB2         Gal        1.0072   1.36   0.3551   0.0418   -99.90  2    cut
 557  sn1987A       II-pec     0.5767   1.36   0.1626   0.0419   -35.60  0    cut
 558  sn98S         IIn        0.9639   1.36   1.1452   0.0362    56.30  0    cut
 559  sn1998S       IIn        0.9639   1.36   1.1453   0.0362    56.30  0    cut
 560  sn1999gi      IIP        0.7013   1.35   0.0014   0.0371   160.40  0    cut
 561  sn08in        IIP        0.9422   1.35   0.0092   0.0338    28.00  0    cut
 562  sn1987A       II-pec     0.5767   1.35   0.1620   0.0419   -32.70  0    cut
 563  sn06Y         IIP        0.8800   1.35   0.0054   0.0351    58.00  0    cut
 564  sn03bn        IIP        0.8881   1.35   0.0044   0.0413   119.00  0    cut
 565  mstar         M-star     1.0072   1.34   0.5069   0.0173     3.00  2    cut
 566  sn1980K       IIL        0.5266   1.34   0.1480   0.0453    41.00  0    cut
 567  sn1987A       II-pec     0.5754   1.34   0.1628   0.0414     9.30  0    cut
 568  sn1998S       IIn        0.9422   1.34   0.3994   0.0392   -12.50  0    cut
 569  sn1987A       II-pec     0.5740   1.34   0.1622   0.0425   -30.70  0    cut
 570  sn2004et      IIP        0.6552   1.34   0.2608   0.0356   448.40  0    cut
 571  sn04et        IIP        0.6552   1.34   0.2608   0.0356   448.40  0    cut
 572  sn98S         IIn        0.9422   1.34   0.3994   0.0392   -12.50  0    cut
 573  sn2004dj      IIP        0.5740   1.33   0.0018   0.0343     5.00  1    cut
 574  sn04dj        IIP        0.5740   1.33   0.0018   0.0343     5.00  1    cut
 575  sn09bz        IIP        0.9544   1.33   0.6292   0.0294    28.00  0    cut
 576  sn1992H       IIP        0.6647   1.33   0.0815   0.0249   103.00  0    cut
 577  lbv1999bw     LBV        0.6999   1.33   0.0796   0.0269   -99.90  2    cut
 578  lbv99bw       LBV        0.6999   1.33   0.0796   0.0269   -99.90  2    cut
 579  sn1987A       II-pec     0.5767   1.33   0.1551   0.0398    18.30  0    cut
 580  sn2005cs      IIP        0.5307   1.33   0.0022   0.0346   155.60  0    cut
 581  sn2004et      IIP        0.8570   1.33  -0.0036   0.0367    82.50  0    cut
 582  sn04et        IIP        0.8570   1.33  -0.0036   0.0368    82.50  0    cut
 583  sn1987A       II-pec     0.6810   1.31   0.0052   0.0256   184.20  0    cut
 584  sn2005bf      NotSN      0.6877   1.31   0.1599   0.0394    31.70  0    cut
 585  sn1987A       II-pec     0.5767   1.31   0.1600   0.0409    17.30  0    cut
 586  sn1980K       IIL        0.5009   1.31   0.1476   0.0463    44.00  0    cut
 587  sn1987A       II-pec     0.6796   1.31   0.0052   0.0253   211.00  0    cut
 588  sn1990K       IIL        0.8069   1.30   1.1420   0.0386    76.30  1    cut
 589  sn2005cs      IIP        0.5348   1.30   0.0027   0.0244   188.60  0    cut
 590  sn2006bp      IIP        0.8867   1.30   0.3448   0.0383    17.20  0    cut
 591  sn1987A       II-pec     0.5767   1.29   0.1606   0.0424    -2.70  0    cut
 592  sn04fc        IIP        0.8800   1.29  -0.0098   0.0379    55.00  0    cut
 593  sn2005cs      IIP        0.7121   1.29   0.0034   0.0391   161.80  0    cut
 594  sn05dz        IIP        0.8786   1.29   0.0051   0.0386   108.00  0    cut
 595  sn08in        IIP        0.5510   1.29   0.0786   0.0179    81.00  0    cut
 596  sn04fx        IIP        0.8827   1.28   0.0041   0.0383   106.00  0    cut
 597  lbv2003hy     LBV        0.6796   1.28   0.0021   0.0113   -99.90  2    cut
 598  lbv03hy       LBV        0.6796   1.28   0.0021   0.0113   -99.90  2    cut
 599  sn1987A       II-pec     0.6796   1.28   0.0051   0.0262   203.00  0    cut
 600  sn1999em      IIP        0.8976   1.28   0.3462   0.0423     5.60  0    cut
 601  sn99em        IIP        0.8976   1.28   0.3462   0.0423     5.60  0    cut
 602  sn1979C       IIL        0.4955   1.28   0.1020   0.0351    10.90  0    cut
 603  sn05dz        IIP        0.8813   1.27   0.0138   0.0268    29.00  0    cut
 604  sn99em        IIP        0.4522   1.27   0.0314   0.0358   510.90  0    cut
 605  sn1999em      IIP        0.4522   1.27   0.0314   0.0358   510.90  0    cut
 606  sn1979C       IIL        0.5388   1.26   0.0047   0.0387    71.60  0    cut
 607  sn2005cs      IIP        0.6634   1.26  -0.0094   0.0000   118.90  0    cut
 608  magneticWD    M-star     0.8759   1.26   0.0183   0.0270  -100.00  2    cut
 609  sn07il        IIP        0.9477   1.25   0.0096   0.0310    45.00  0    cut
 610  sn09au        IIP        0.9571   1.25   0.7571   0.0448    46.00  0    cut
 611  sn1980K       IIL        0.5185   1.25  -0.0012   0.0319     9.00  0    cut
 612  sn1990K       IIL        0.6444   1.24   0.0051   0.0235   174.70  1    cut
 613  sn2006bp      IIP        0.8732   1.24   1.0179   0.0319     0.10  0    cut
 614  sn1987A       II-pec     0.6769   1.24   0.0030   0.0263   134.10  0    cut
 615  sn07it        IIP        0.8773   1.23   0.0069   0.0185   250.00  0    cut
 616  sn1996L       IIn        0.6106   1.23  -0.0094   0.0000    33.70  0    cut
 617  sn96L         IIn        0.6106   1.23  -0.0094   0.0000    33.70  0    cut
 618  sn04et        IIP        0.8813   1.23   0.0046   0.0419   168.80  0    cut
 619  kcE           Gal        0.9991   1.23   0.1319   0.0443   -99.90  2    cut
 620  sn1992H       IIP        0.6539   1.23   0.2430   0.0338   135.80  0    cut
 621  sn2004et      IIP        0.8813   1.23   0.0046   0.0419   168.80  0    cut
 622  sn07it        IIP        0.8746   1.23   0.0064   0.0183   221.00  0    cut
 623  sn04fc        IIP        0.8786   1.22  -0.0094   0.0000   120.00  0    cut
 624  sn07it        IIP        0.5551   1.22   0.2542   0.0333   191.00  0    cut
 625  sn2004et      IIP        0.7135   1.22   0.0043   0.0203   268.30  0    cut
 626  sn04et        IIP        0.7135   1.22   0.0044   0.0203   268.30  0    cut
 627  kcS0          Gal        0.9991   1.22   0.1300   0.0431   -99.90  2    cut
 628  sn2005cs      IIP        0.5564   1.22   0.1830   0.0403   101.50  0    cut
 629  lbv2001ac     LBV        0.6959   1.21   0.0052   0.0136   -99.90  2    cut
 630  lbv01ac       LBV        0.6959   1.21   0.0052   0.0136   -99.90  2    cut
 631  sn1987A       II-pec     0.6796   1.21   0.0032   0.0244   156.10  0    cut
 632  sn2004et      IIP        0.9043   1.21   0.0045   0.0424   146.90  0    cut
 633  sn04et        IIP        0.9043   1.21   0.0046   0.0424   146.90  0    cut
 634  sn07it        IIP        0.8759   1.21   0.0064   0.0182   220.00  0    cut
 635  sn2004dj      IIP        0.5551   1.20   0.0031   0.0351     0.00  1    cut
 636  sn04dj        IIP        0.5551   1.20   0.0031   0.0351     0.00  1    cut
 637  sn98S         IIn        0.6959   1.20   0.0060   0.0363    72.50  0    cut
 638  sn1998S       IIn        0.6959   1.20   0.0060   0.0363    72.50  0    cut
 639  sn2005cs      IIP        0.6728   1.19  -0.0094   0.0000    17.80  0    cut
 640  sn1997cy      IIn        0.8691   1.18   0.2594   0.0391    14.10  1    cut
 641  carbonstar1   C-star     0.8759   1.18   0.2081   0.0620  -100.00  2    cut
 642  sn2004et      IIP        0.9111   1.18   1.1749   0.0443   242.80  0    cut
 643  sn2005cs      IIP        0.7135   1.18   0.0046   0.0242   220.70  0    cut
 644  sn04et        IIP        0.9125   1.17   1.1750   0.0444   242.80  0    cut
 645  sn2004et      IIP        0.7135   1.17   0.0039   0.0208   250.30  0    cut
 646  sn04et        IIP        0.7135   1.17   0.0040   0.0208   250.30  0    cut
 647  sn1987A       II-pec     0.6810   1.17   0.0044   0.0568   230.90  0    cut
 648  sn2005cs      IIP        0.6092   1.17   0.0013   0.0233   176.10  0    cut
 649  sn05cs        IIP        0.6092   1.17   0.0013   0.0233   176.10  0    cut
 650  sn1990K       IIL        0.9152   1.17   1.1591   0.0431   119.10  1    cut
 651  sn2005cs      IIP        0.7405   1.17   0.2380   0.0226    13.80  0    cut
 652  sn06it        IIP        0.8773   1.17   0.0115   0.0308    15.00  0    cut
 653  sn1987A       II-pec     0.6796   1.16   0.0806   0.0280   687.40  0    cut
 654  sn1997cy      IIn        0.9003   1.16   1.1639   0.0415   174.50  1    cut
 655  sn1999em      IIP        0.6986   1.16   0.0086   0.0336     6.40  0    cut
 656  sn2006bp      IIP        0.8854   1.16   0.2592   0.0424     8.10  0    cut
 657  sn1998S       IIn        0.6931   1.16   0.0058   0.0367    70.50  0    cut
 658  sn98S         IIn        0.6931   1.16   0.0058   0.0368    70.50  0    cut
 659  sn08il        IIP        0.8759   1.16   0.2395   0.0406     3.00  0    cut
 660  sn1998S       IIn        0.6918   1.15   0.0060   0.0368    75.50  0    cut
 661  sn98S         IIn        0.6918   1.15   0.0059   0.0368    75.50  0    cut
 662  sn1987A       II-pec     0.6796   1.15   0.0045   0.0309   215.90  0    cut
 663  sn2004et      IIP        0.9219   1.15   1.1740   0.0454   229.70  0    cut
 664  sn04et        IIP        0.9219   1.14   1.1741   0.0454   229.70  0    cut
 665  sn09bz        IIP        0.9246   1.14   0.6228   0.0345    37.00  0    cut
 666  sn1998S       IIn        0.9626   1.14   1.1528   0.0479    -1.50  0    cut
 667  sn98S         IIn        0.9626   1.14   1.1528   0.0479    -1.50  0    cut
 668  sn2004et      IIP        0.8827   1.14   1.1839   0.0460   284.80  0    cut
 669  sn04et        IIP        0.8827   1.14   1.1841   0.0459   284.80  0    cut
 670  sn04dj        IIP        0.5510   1.14   0.0003   0.0372     2.70  1    cut
 671  sn1990K       IIL        0.8773   1.13   0.0037   0.0418    55.60  1    cut
 672  sn07it        IIP        0.8786   1.13   0.0059   0.0190   215.00  0    cut
 673  sn1997cy      IIn        0.8773   1.13   0.2554   0.0441    57.20  1    cut
 674  sn2004dj      IIP        0.5510   1.13   0.0006   0.0371     2.70  1    cut
 675  sn1987A       II-pec     0.6783   1.12   0.0087   0.0383   -76.80  0    cut
 676  sn98S         IIn        0.6986   1.12   0.0043   0.0363   105.40  0    cut
 677  sn1998S       IIn        0.6986   1.12   0.0043   0.0363   105.40  0    cut
 678  sn1990K       IIL        0.6119   1.12   0.0344   0.0427   136.10  1    cut
 679  sn99em        IIP        0.8448   1.12   0.0108   0.0348     6.40  0    cut
 680  sn99em        IIP        0.8773   1.12   0.2490   0.0386     6.60  0    cut
 681  sn1999em      IIP        0.8773   1.12   0.2490   0.0386     6.60  0    cut
 682  sn1987A       II-pec     0.6796   1.12   0.0799   0.0285   667.50  0    cut
 683  sn09bz        IIP        0.9666   1.12   0.3397   0.0348    24.00  0    cut
 684  sn99em        IIP        0.4738   1.12  -0.0094   0.0000    44.10  0    cut
 685  sn1999em      IIP        0.4738   1.12  -0.0094   0.0000    44.10  0    cut
 686  sn2006bp      IIP        0.8773   1.12   0.3461   0.0412    13.20  0    cut
 687  sn1979C       IIL        0.4941   1.12   0.1007   0.0390     9.90  0    cut
 688  sn1987A       II-pec     0.6796   1.12   0.0055   0.0365   224.00  0    cut
 689  sn1998S       IIn        0.6972   1.11   0.0049   0.0366    98.40  0    cut
 690  sn98S         IIn        0.6972   1.11   0.0049   0.0366    98.40  0    cut
 691  sn1998S       IIn        0.6986   1.11   0.0059   0.0371    74.50  0    cut
 692  sn98S         IIn        0.6986   1.11   0.0059   0.0371    74.50  0    cut
 693  sn1998S       IIn        0.6972   1.11   0.0052   0.0367    89.40  0    cut
 694  sn98S         IIn        0.6972   1.11   0.0052   0.0367    89.40  0    cut
 695  sn1992H       IIP        0.6674   1.11   0.2536   0.0425    11.50  0    cut
 696  sn98S         IIn        0.6959   1.10   0.0047   0.0367    93.40  0    cut
 697  sn1998S       IIn        0.6959   1.10   0.0047   0.0368    93.40  0    cut
 698  sn04et        IIP        0.9138   1.09   1.1764   0.0464   236.80  0    cut
 699  sn1998S       IIn        0.6972   1.09   0.0049   0.0371   101.40  0    cut
 700  sn98S         IIn        0.6972   1.09   0.0049   0.0371   101.40  0    cut
 701  sn2004et      IIP        0.9138   1.09   1.1763   0.0464   236.80  0    cut
 702  sn2006bp      IIP        0.8840   1.09   1.0142   0.0339     2.10  0    cut
 703  sn1987A       II-pec     0.6403   1.09   0.0047   0.0389   -75.70  0    cut
 704  sn1998S       IIn        0.6972   1.09   0.0051   0.0372    95.40  0    cut
 705  sn98S         IIn        0.6972   1.09   0.0051   0.0372    95.40  0    cut
 706  sn1987A       II-pec     0.6796   1.08   0.0797   0.0296   660.50  0    cut
 707  sn04et        IIP        0.6904   1.08   0.0058   0.0526   369.00  0    cut
 708  sn1999em      IIP        0.4359   1.08   0.1883   0.0114    90.00  0    cut
 709  sn99em        IIP        0.4359   1.08   0.1883   0.0114    90.00  0    cut
 710  sn2004et      IIP        0.6904   1.07   0.0057   0.0527   369.00  0    cut
 711  sn1990K       IIL        0.5320   1.07   0.0280   0.0776   139.00  1    cut
 712  sn1987A       II-pec     0.6796   1.07   0.0796   0.0300   651.50  0    cut
 713  sn05cs        IIP        0.7040   1.07  -0.0094   0.0000    -1.90  0    cut
 714  sn2005cs      IIP        0.7053   1.07  -0.0094   0.0000    -1.90  0    cut
 715  sn07it        IIP        0.8732   1.07   0.0068   0.0184   237.00  0    cut
 716  sn1987A       II-pec     0.6485   1.07   0.0176   0.0408   -80.50  0    cut
 717  sn1997cy      IIn        0.8448   1.06   1.1988   0.0000   196.10  1    cut
 718  sn1987A       II-pec     0.6796   1.06   0.0800   0.0302   656.50  0    cut
 719  sn1998S       IIn        0.6999   1.05   0.0070   0.0331   422.50  0    cut
 720  sn98S         IIn        0.6999   1.05   0.0070   0.0331   422.50  0    cut
 721  sn1987A       II-pec     0.6796   1.05   0.0050   0.0511   238.00  0    cut
 722  sn1987A       II-pec     0.9666   1.05   0.2579   0.0488   -82.40  0    cut
 723  sn1992H       IIP        0.5388   1.04   0.0291   0.0416   129.80  0    cut
 724  sn1998S       IIn        0.6986   1.04   0.0173   0.0347   367.80  0    cut
 725  sn98S         IIn        0.6986   1.04   0.0173   0.0347   367.80  0    cut
 726  sn98S         IIn        0.6986   1.04   0.0036   0.0385   118.30  0    cut
 727  sn1998S       IIn        0.6986   1.04   0.0036   0.0385   118.30  0    cut
 728  sn2005cs      IIP        0.9314   1.03   0.2442   0.0282     3.80  0    cut
 729  agn           AGN        0.8488   1.03   0.0809   0.0275   -99.90  2    cut
 730  sn99em        IIP        0.7622   1.03   0.0068   0.0182   327.80  0    cut
 731  sn1999em      IIP        0.7622   1.03   0.0068   0.0182   327.80  0    cut
 732  kcSc          Gal        0.7473   1.03   0.0822   0.0243   -99.90  2    cut
 733  sn1998S       IIn        0.6999   1.03   0.0170   0.0345   383.60  0    cut
 734  sn98S         IIn        0.6999   1.03   0.0169   0.0345   383.60  0    cut
 735  sn1987A       II-pec     0.6796   1.02   0.0439   0.0552   450.00  0    cut
 736  sn2005cs      IIP        0.7595   1.02   0.0004   0.0523   128.90  0    cut
 737  sn1987A       II-pec     0.6796   1.02   0.0052   0.0528   246.00  0    cut
 738  sn1998S       IIn        0.6986   1.02   0.0034   0.0385   120.30  0    cut
 739  sn98S         IIn        0.6986   1.02   0.0034   0.0385   120.30  0    cut
 740  sn1987A       II-pec     0.6796   1.02   0.0455   0.0573   488.00  0    cut
 741  sn1987A       II-pec     0.6796   1.02   0.0437   0.0556   442.10  0    cut
 742  sn1998S       IIn        0.6999   1.02   0.0170   0.0360   355.80  0    cut
 743  sn98S         IIn        0.6999   1.02   0.0169   0.0360   355.80  0    cut
 744  sn07il        IIP        0.8150   1.02   0.2401   0.0512    52.00  0    cut
 745  sn1987A       II-pec     0.6769   1.01   0.0170   0.0416   -79.70  0    cut
 746  sn1998S       IIn        0.6999   1.01   0.0033   0.0390   128.30  0    cut
 747  sn98S         IIn        0.6999   1.01   0.0033   0.0390   128.30  0    cut
 748  sn06Y         IIP        0.8813   1.01   0.2523   0.0417    82.00  0    cut
 749  sn88a         IIP        0.7554   1.01   0.0097   0.0372    12.00  0    cut
 750  sn98S         IIn        0.6986   1.01   0.0035   0.0386   127.30  0    cut
 751  sn1998S       IIn        0.6986   1.01   0.0035   0.0386   127.30  0    cut
 752  sn2004dj      IIP        0.5970   1.01  -0.0039   0.0372    50.60  1    cut
 753  sn04dj        IIP        0.5970   1.01  -0.0039   0.0372    50.60  1    cut
 754  sn1987A       II-pec     0.6796   1.01   0.0447   0.0573   471.00  0    cut
 755  sn2004dj      IIP        0.7351   1.01   0.0063   0.0257    89.80  1    cut
 756  sn04dj        IIP        0.7351   1.01   0.0063   0.0257    89.80  1    cut
 757  sn1987A       II-pec     0.6796   1.01   0.0051   0.0531   246.00  0    cut
 758  sn1987A       II-pec     0.6796   1.00   0.0436   0.0568   427.00  0    cut
 759  sn1987A       II-pec     0.6810   1.00   0.0061   0.0538   266.90  0    cut
 760  sn1987A       II-pec     0.6796   1.00   0.0806   0.0485   624.60  0    cut
 761  sn1987A       II-pec     0.6796   1.00   0.0443   0.0571   459.00  0    cut
 762  sn07it        IIP        0.9734   1.00   0.1258   0.0238   268.00  0    cut
 763  sn1987A       II-pec     0.6796   1.00   0.0430   0.0561   393.70  0    cut
 764  sn1987A       II-pec     0.6810   0.99   0.0056   0.0543   252.90  0    cut
 765  sn04et        IIP        0.7094   0.99   0.0045   0.0381     4.00  0    cut
 766  sn2004et      IIP        0.7094   0.99   0.0045   0.0381     4.00  0    cut
 767  sn1987A       II-pec     0.6783   0.99   0.0805   0.0478   634.80  0    cut
 768  sn1999em      IIP        0.9571   0.99   0.2516   0.0345     6.20  0    cut
 769  sn99em        IIP        0.9571   0.99   0.2516   0.0345     6.20  0    cut
 770  sn1987A       II-pec     0.6796   0.99   0.0438   0.0567   444.10  0    cut
 771  sn1987A       II-pec     0.6810   0.99   0.0060   0.0543   259.90  0    cut
 772  sn2005cs      IIP        0.7094   0.98   0.0069   0.0191     5.00  0    cut
 773  sn05cs        IIP        0.7094   0.98   0.0069   0.0191     5.00  0    cut
 774  sn1987A       II-pec     0.6796   0.98   0.0801   0.0508   605.80  0    cut
 775  sn1987A       II-pec     0.6796   0.98   0.0438   0.0577   416.10  0    cut
 776  sn1998S       IIn        0.6986   0.98   0.0172   0.0359   338.90  0    cut
 777  sn98S         IIn        0.6986   0.98   0.0172   0.0359   338.90  0    cut
 778  sn1987A       II-pec     0.6796   0.97   0.0427   0.0572   375.70  0    cut
 779  sn1987A       II-pec     0.6309   0.96   0.0114   0.0423   -78.50  0    cut
 780  sn1987A       II-pec     0.6796   0.96   0.0439   0.0578   419.00  0    cut
 781  sn1987A       II-pec     0.6796   0.96   0.0438   0.0580   420.00  0    cut
 782  sn1987A       II-pec     0.6810   0.96   0.0429   0.0575   382.70  0    cut
 783  sn1987A       II-pec     0.6796   0.96   0.0055   0.0552   269.90  0    cut
 784  sn1987A       II-pec     0.6796   0.96   0.0439   0.0581   420.10  0    cut
 785  sn1987A       II-pec     0.6783   0.96   0.0153   0.0434   -78.80  0    cut
 786  sn1987A       II-pec     0.6810   0.96   0.0068   0.0561   285.10  0    cut
 787  sn1987A       II-pec     0.6810   0.96   0.0068   0.0560   301.90  0    cut
 788  sn1987A       II-pec     0.6783   0.95   0.0192   0.0419   -80.80  0    cut
 789  qso           QSO        0.6552   0.95   0.0038   0.0159  -100.00  2    cut
 790  sn1987A       II-pec     0.6783   0.95   0.0066   0.0562   277.80  0    cut
 791  sn1990K       IIL        0.5659   0.95   0.0043   0.0573   201.60  1    cut
 792  sn1987A       II-pec     0.6796   0.95   0.0434   0.0589   406.10  0    cut
 793  sn1987A       II-pec     0.6444   0.94   0.0059   0.0402   -76.60  0    cut
 794  sn1998S       IIn        0.6999   0.94   0.0168   0.0399   305.10  0    cut
 795  sn98S         IIn        0.6999   0.94   0.0168   0.0399   305.10  0    cut
 796  sn2005cs      IIP        0.6742   0.94   0.2217   0.0669   328.50  0    cut
 797  sn1998S       IIn        0.6986   0.94   0.0173   0.0387   325.00  0    cut
 798  sn98S         IIn        0.6986   0.94   0.0173   0.0387   325.00  0    cut
 799  sn1987A       II-pec     0.6796   0.94   0.0800   0.0540   594.70  0    cut
 800  sn03iq        IIP        0.8881   0.94   0.2498   0.0455     9.00  0    cut
 801  sn1997cy      IIn        0.9274   0.94   0.2549   0.0642   377.70  1    cut
 802  sn1987A       II-pec     0.7635   0.93   0.0072   0.0211   255.20  0    cut
 803  sn06it        IIP        0.8759   0.93   0.2495   0.0381    12.00  0    cut
 804  sn1999em      IIP        0.4495   0.93  -0.0094   0.0000   153.90  0    cut
 805  sn05dz        IIP        0.8759   0.93   0.2504   0.0349    20.00  0    cut
 806  sn2006bp      IIP        0.7053   0.93   0.0055   0.0414     7.20  0    cut
 807  sn1987A       II-pec     0.6431   0.92   0.0146   0.0419   -79.60  0    cut
 808  sn1998S       IIn        0.6972   0.92   0.0152   0.0360   390.60  0    cut
 809  sn98S         IIn        0.6972   0.92   0.0152   0.0360   390.60  0    cut
 810  sn1987A       II-pec     0.6796   0.92   0.0070   0.0572   298.90  0    cut
 811  sn1998S       IIn        0.6986   0.91   0.0170   0.0402   300.00  0    cut
 812  sn1987A       II-pec     0.6796   0.91   0.0520   0.1004   532.80  0    cut
 813  sn98S         IIn        0.6986   0.91   0.0170   0.0402   300.00  0    cut
 814  sn1998S       IIn        0.6931   0.91  -0.0023   0.0434   241.30  0    cut
 815  sn98S         IIn        0.6931   0.91  -0.0023   0.0434   241.30  0    cut
 816  sn2004et      IIP        0.6620   0.90   0.0044   0.0277   330.10  0    cut
 817  sn04et        IIP        0.6620   0.90   0.0045   0.0274   330.10  0    cut
 818  sn1987A       II-pec     0.6783   0.90   0.0798   0.0565   590.70  0    cut
 819  sn1987A       II-pec     0.6769   0.90   0.0096   0.0425   -77.80  0    cut
 820  sn07it        IIP        0.6051   0.89   0.1073   0.0399    10.00  0    cut
 821  sn05cs        IIP        0.7067   0.89   0.3260   0.0338     3.10  0    cut
 822  sn2005cs      IIP        0.7067   0.89   0.3260   0.0338     3.10  0    cut
 823  sn1987A       II-pec     0.6810   0.88   0.0075   0.0583   307.80  0    cut
 824  sn1987A       II-pec     0.6796   0.88   0.0438   0.0887   518.90  0    cut
 825  sn1987A       II-pec     0.6810   0.88   0.0068   0.0591   297.00  0    cut
 826  sn1998S       IIn        0.6999   0.88   0.0146   0.0419   311.10  0    cut
 827  sn98S         IIn        0.6999   0.88   0.0146   0.0419   311.10  0    cut
 828  sn1998S       IIn        0.6972   0.88   0.0160   0.0416   310.10  0    cut
 829  sn1987A       II-pec     0.6796   0.88   0.0438   0.0649   561.70  0    cut
 830  sn98S         IIn        0.6972   0.88   0.0160   0.0416   310.10  0    cut
 831  sn1987A       II-pec     0.6769   0.88   0.0805   0.0546   599.80  0    cut
 832  lbv2003hy     LBV        0.6945   0.88   0.0888   0.0483   -99.90  2    cut
 833  lbv03hy       LBV        0.6945   0.88   0.0888   0.0483   -99.90  2    cut
 834  sn1998S       IIn        0.6959   0.88  -0.0025   0.0439   240.30  0    cut
 835  sn98S         IIn        0.6959   0.88  -0.0025   0.0439   240.30  0    cut
 836  sn2004et      IIP        0.6620   0.87   0.0059   0.0583   382.10  0    cut
 837  sn04et        IIP        0.6620   0.87   0.0059   0.0584   382.00  0    cut
 838  sn1987A       II-pec     0.6810   0.87   0.0077   0.0591   322.80  0    cut
 839  sn1987A       II-pec     0.6796   0.87   0.0439   0.0620   572.80  0    cut
 840  sn1987A       II-pec     0.6796   0.87   0.0444   0.0790   540.90  0    cut
 841  sn1987A       II-pec     0.6796   0.87   0.0073   0.0593   304.80  0    cut
 842  sn1987A       II-pec     0.6810   0.86   0.0082   0.0591   330.80  0    cut
 843  sn98S         IIn        0.6972   0.85   0.0148   0.0438   275.20  0    cut
 844  sn1998S       IIn        0.6972   0.85   0.0148   0.0438   275.20  0    cut
 845  sn1987A       II-pec     0.6810   0.85   0.0082   0.0606   334.90  0    cut
 846  sn1987A       II-pec     0.6796   0.85   0.0417   0.0990   513.80  0    cut
 847  sn1998S       IIn        0.6999   0.85   0.0154   0.0432   283.20  0    cut
 848  sn1987A       II-pec     0.6417   0.84   0.0076   0.0438   -77.50  0    cut
 849  sn1987A       II-pec     0.6823   0.84   0.0092   0.0609   360.70  0    cut
 850  sn2006bp      IIP        0.7067   0.84   0.1111   0.0541    -1.70  0    cut
 851  sn1987A       II-pec     0.6796   0.84   0.0361   0.0956   496.90  0    cut
 852  sn1998S       IIn        0.6986   0.83   0.0153   0.0444   277.20  0    cut
 853  sn98S         IIn        0.6986   0.83   0.0153   0.0444   277.20  0    cut
 854  sn88a         IIP        0.7500   0.83   0.0021   0.0381    11.00  0    cut
 855  sn06iw        IIP        0.8759   0.83   0.1003   0.0399     8.00  0    cut
 856  sn1987A       II-pec     0.6810   0.83   0.0085   0.0612   339.70  0    cut
 857  sn1997cy      IIn        0.8976   0.82   0.1414   0.0545    29.40  1    cut
 858  sn1987A       II-pec     0.6796   0.81   0.0087   0.0619   344.80  0    cut
 859  sn2005cs      IIP        0.7419   0.81   0.2446   0.0454     0.80  0    cut
 860  sn04fc        IIP        0.8976   0.81   0.2505   0.0488     9.00  0    cut
 861  sn05cs        IIP        0.7067   0.81   0.3251   0.0361     2.10  0    cut
 862  sn2005cs      IIP        0.7067   0.81   0.3251   0.0361     2.10  0    cut
 863  sn1998S       IIn        0.6999   0.80   0.0141   0.0463   256.30  0    cut
 864  sn98S         IIn        0.6972   0.80   0.0161   0.0452   268.20  0    cut
 865  sn1998S       IIn        0.6972   0.80   0.0161   0.0452   268.20  0    cut
 866  sn2004et      IIP        0.7162   0.78   0.3357   0.0354     2.00  0    cut
 867  sn04et        IIP        0.7162   0.78   0.3358   0.0354     2.00  0    cut
 868  sn09bz        IIP        0.8759   0.78   0.2476   0.0485     9.00  0    cut
 869  sn2004et      IIP        0.7094   0.77   0.3360   0.0361     1.00  0    cut
 870  sn04et        IIP        0.7080   0.77   0.3354   0.0400    -0.90  0    cut
 871  sn2004et      IIP        0.7080   0.77   0.3353   0.0400    -0.90  0    cut
 872  sn1999gi      IIP        0.6877   0.77  -0.0065   0.0344    -5.00  0    cut
 873  sn04et        IIP        0.7094   0.77   0.3362   0.0361     1.00  0    cut
 874  sn08il        IIP        0.8773   0.77   0.2419   0.0498     4.00  0    cut
 875  sn1999em      IIP        0.7256   0.77   0.0082   0.0424     5.40  0    cut
 876  sn99em        IIP        0.7256   0.77   0.0082   0.0424     5.40  0    cut
 877  sn1992H       IIP        0.5144   0.76   0.0075   0.0449   140.80  0    cut
 878  sn1997cy      IIn        0.8258   0.76   0.2603   0.0761   125.30  1    cut
 879  sn06iw        IIP        0.8786   0.75   0.2598   0.0455    11.00  0    cut
 880  sn1997cy      IIn        0.7933   0.75   0.1413   0.0415   226.10  1    cut
 881  sn98S         IIn        0.6877   0.75   0.0027   0.0153     2.70  0    cut
 882  sn1987A       II-pec     0.6810   0.75   0.0095   0.0649   367.70  0    cut
 883  sn1980K       IIL        0.5645   0.75   0.0144   0.0678   217.00  0    cut
 884  sn1998S       IIn        0.6986   0.75  -0.0011   0.0479   247.30  0    cut
 885  sn98S         IIn        0.6986   0.75  -0.0011   0.0479   247.30  0    cut
 886  sn08in        IIP        0.8678   0.75   0.2520   0.0474     4.00  0    cut
 887  sn1998S       IIn        0.6877   0.75   0.0027   0.0153     2.70  0    cut
 888  sn1987A       II-pec     0.6810   0.75   0.0091   0.0655   357.80  0    cut
 889  sn1997cy      IIn        0.7893   0.75   0.0375   0.0387     0.00  1    cut
 890  sn2005cs      IIP        0.7080   0.74   0.0072   0.0202     4.00  0    cut
 891  sn05cs        IIP        0.7080   0.74   0.0072   0.0202     4.00  0    cut
 892  sn1987A       II-pec     0.7635   0.73   0.0087   0.0238   324.10  0    cut
 893  sn1987A       II-pec     0.6769   0.72   0.0803   0.0297   989.40  0    cut
 894  sn98S         IIn        0.6999   0.72  -0.0035   0.0491   256.30  0    cut
 895  sn1987A       II-pec     0.6755   0.71   0.1214   0.0513   -82.70  0    cut
 896  sn2004et      IIP        0.7040   0.71   0.3348   0.0407    -2.90  0    cut
 897  sn04et        IIP        0.7040   0.71   0.3349   0.0407    -2.90  0    cut
 898  sn2004et      IIP        0.7040   0.70   0.3361   0.0402    -1.90  0    cut
 899  sn04et        IIP        0.6972   0.70   0.3361   0.0403    -1.90  0    cut
 900  sn1999em      IIP        0.7487   0.69   0.3356   0.0398     2.40  0    cut
 901  sn99em        IIP        0.7487   0.69   0.3356   0.0398     2.40  0    cut
 902  sn1998S       IIn        0.6810   0.68   0.2727   0.0549     1.80  0    cut
 903  sn98S         IIn        0.6810   0.68   0.2726   0.0550     1.80  0    cut
 904  sn98S         IIn        0.6810   0.68   0.2584   0.1008     0.90  0    cut
 905  sn1998S       IIn        0.6810   0.68   0.2587   0.1014     0.90  0    cut
 906  sn99em        IIP        0.7243   0.68   0.3351   0.0410     1.40  0    cut
 907  sn1999em      IIP        0.7243   0.68   0.3351   0.0410     1.40  0    cut
 908  sn1979C       IIL        0.5537   0.67   0.0670   0.1620    12.90  0    cut
 909  sn2006bp      IIP        0.6769   0.65   0.0070   0.0473     4.20  0    cut
 910  sn2005cs      IIP        0.7080   0.63   0.3240   0.0358     1.00  0    cut
 911  sn05cs        IIP        0.7080   0.63   0.3240   0.0357     1.00  0    cut
 912  sn2006bp      IIP        0.6783   0.62   0.3427   0.0366     3.30  0    cut
 913  lbv1999bw     LBV        0.6525   0.61   0.0059   0.0134   -99.90  2    cut
 914  lbv99bw       LBV        0.6525   0.61   0.0059   0.0134   -99.90  2    cut
 915  sn90e         IIP        0.7730   0.59   0.3390   0.0363    10.00  0    cut
 916  sn05cs        IIP        0.7053   0.51   0.1183   0.0610    -0.80  0    cut
 917  sn1999gi      IIP        0.6891   0.51   0.1282   0.0651    -4.00  0    cut
 918  sn2005cs      IIP        0.7067   0.51   0.1190   0.0617    -0.80  0    cut
 919  sn05cs        IIP        0.7026   0.50   0.0931   0.0690     0.10  0    cut
 920  sn1999em      IIP        0.6918   0.49   0.3352   0.0474    -1.60  0    cut
 921  sn99em        IIP        0.6918   0.49   0.3352   0.0474    -1.60  0    cut
 922  sn2005cs      IIP        0.7040   0.48   0.3223   0.0299     0.10  0    cut
 923  sn1999em      IIP        0.7229   0.45   0.3373   0.0421     0.40  0    cut
 924  sn99em        IIP        0.7229   0.45   0.3373   0.0421     0.40  0    cut
 925  sn1999em      IIP        0.6864   0.45  -0.0066   0.0344    -3.60  0    cut
 926  sn99em        IIP        0.6864   0.45  -0.0066   0.0344    -3.60  0    cut
 927  sn1999em      IIP        0.6918   0.43   0.3355   0.0495    -2.60  0    cut
 928  sn99em        IIP        0.6918   0.43   0.3355   0.0495    -2.60  0    cut
 929  sn99em        IIP        0.7229   0.42   0.3365   0.0422    -0.60  0    cut
 930  sn1999em      IIP        0.7229   0.42   0.3365   0.0422    -0.60  0    cut
 931  sn1996L       IIn        0.6092   0.40   0.1980   0.0614     8.40  0    cut
 932  sn96L         IIn        0.6092   0.40   0.1980   0.0614     8.40  0    cut
 933  sn1998S       IIn        0.6024   0.39  -0.0083   0.0288   413.50  0    cut
 934  sn98S         IIn        0.6024   0.39  -0.0083   0.0287   413.40  0    cut
 935  qso2          QSO        0.5943   0.28   0.1979   0.0284  -100.00  2    cut
